{"level":"info","message":"Nincsenek üres beszélgetések.","timestamp":"2024-12-05T01:28:17.024Z"}
{"level":"info","message":"Nincsenek üres beszélgetések.","timestamp":"2024-12-05T04:37:21.051Z"}
{"level":"info","message":"Nincsenek üres beszélgetések.","timestamp":"2024-12-05T09:56:37.867Z"}
{"level":"info","message":"Nincsenek üres beszélgetések.","timestamp":"2024-12-05T12:56:37.869Z"}
{"level":"info","message":"Új szál létrehozva:","timestamp":"2024-12-05T14:14:12.858Z"}
{"level":"info","message":"Üzenet fogadva a szálhoz: thread_4EKXFS7csWx3P35i6HD61uaS, Üzenet: milyen tételek szerepelnek az árajánlatban?","timestamp":"2024-12-05T14:14:28.001Z"}
{"level":"info","message":"Assistant ID kiválasztva: asst_Ie1CVDoBWOSTg71jj8ryweAY (Company: TUZ)","timestamp":"2024-12-05T14:14:28.007Z"}
{"level":"info","message":"Felhasználó üzenet tokenek száma: 15","timestamp":"2024-12-05T14:14:28.023Z"}
{"level":"info","message":"Asszisztens üzenet tokenek száma: 366","timestamp":"2024-12-05T14:14:39.965Z"}
{"level":"info","message":"AI Categorization result: Fire Protection","timestamp":"2024-12-05T14:14:41.467Z"}
{"level":"info","message":"Új szál létrehozva:","timestamp":"2024-12-05T14:18:10.173Z"}
{"level":"info","message":"Üzenet fogadva a szálhoz: thread_VYdYSvZiOtEJtmcwNz37ehEn, Üzenet: Mit jelentenek az alábbi égésnyom: U alak?","timestamp":"2024-12-05T14:18:10.189Z"}
{"level":"info","message":"Assistant ID kiválasztva: asst_Ie1CVDoBWOSTg71jj8ryweAY (Company: TUZ)","timestamp":"2024-12-05T14:18:10.198Z"}
{"level":"info","message":"Felhasználó üzenet tokenek száma: 15","timestamp":"2024-12-05T14:18:10.204Z"}
{"level":"info","message":"Asszisztens üzenet tokenek száma: 252","timestamp":"2024-12-05T14:18:40.481Z"}
{"level":"info","message":"AI Categorization result: Fire Protection","timestamp":"2024-12-05T14:18:41.091Z"}
{"level":"info","message":"Új szál létrehozva:","timestamp":"2024-12-05T14:26:16.067Z"}
{"level":"info","message":"Üzenet fogadva a szálhoz: thread_RjcApV9GAvSbFUUJaGMRBFb0, Üzenet: Mit jelentenek az alábbi égésnyom: U alak?","timestamp":"2024-12-05T14:26:16.162Z"}
{"level":"info","message":"Assistant ID kiválasztva: asst_Ie1CVDoBWOSTg71jj8ryweAY (Company: TUZ)","timestamp":"2024-12-05T14:26:16.170Z"}
{"level":"info","message":"Felhasználó üzenet tokenek száma: 15","timestamp":"2024-12-05T14:26:16.177Z"}
{"level":"info","message":"Asszisztens üzenet tokenek száma: 206","timestamp":"2024-12-05T14:26:27.227Z"}
{"level":"info","message":"AI Categorization result: Fire Protection","timestamp":"2024-12-05T14:26:28.139Z"}
{"level":"info","message":"Új szál létrehozva:","timestamp":"2024-12-05T14:29:35.042Z"}
{"level":"info","message":"Üzenet fogadva a szálhoz: thread_rVWP6BJsIjgF9inT1aYY0zMN, Üzenet: Mit jelentenek az alábbi égésnyom: U alak?","timestamp":"2024-12-05T14:29:35.059Z"}
{"level":"info","message":"Assistant ID kiválasztva: asst_Ie1CVDoBWOSTg71jj8ryweAY (Company: TUZ)","timestamp":"2024-12-05T14:29:35.069Z"}
{"level":"info","message":"Felhasználó üzenet tokenek száma: 15","timestamp":"2024-12-05T14:29:35.075Z"}
{"level":"info","message":"Asszisztens üzenet tokenek száma: 250","timestamp":"2024-12-05T14:29:46.498Z"}
{"level":"info","message":"AI Categorization result: Fire Protection","timestamp":"2024-12-05T14:29:47.310Z"}
{"level":"info","message":"Új szál létrehozva:","timestamp":"2024-12-05T14:30:15.393Z"}
{"level":"info","message":"Üzenet fogadva a szálhoz: thread_noj6vzZgHtZb0oizLLFyOPhV, Üzenet: Mit jelentenek az alábbi égésnyom: U alak?","timestamp":"2024-12-05T14:30:15.409Z"}
{"level":"info","message":"Assistant ID kiválasztva: asst_Ie1CVDoBWOSTg71jj8ryweAY (Company: TUZ)","timestamp":"2024-12-05T14:30:15.418Z"}
{"level":"info","message":"Felhasználó üzenet tokenek száma: 15","timestamp":"2024-12-05T14:30:15.427Z"}
{"level":"info","message":"Asszisztens üzenet tokenek száma: 256","timestamp":"2024-12-05T14:30:30.122Z"}
{"level":"info","message":"AI Categorization result: Fire Protection","timestamp":"2024-12-05T14:30:30.506Z"}
{"level":"info","message":"Új szál létrehozva:","timestamp":"2024-12-05T14:30:58.592Z"}
{"level":"info","message":"Új szál létrehozva:","timestamp":"2024-12-05T14:31:11.806Z"}
{"level":"info","message":"Üzenet fogadva a szálhoz: thread_vy4RWqrHOuw5UsScU1oC2wa0, Üzenet: Mit jelentenek az alábbi égésnyom: U alak?","timestamp":"2024-12-05T14:31:11.824Z"}
{"level":"info","message":"Assistant ID kiválasztva: asst_Ie1CVDoBWOSTg71jj8ryweAY (Company: TUZ)","timestamp":"2024-12-05T14:31:11.829Z"}
{"level":"info","message":"Felhasználó üzenet tokenek száma: 15","timestamp":"2024-12-05T14:31:11.836Z"}
{"level":"info","message":"Asszisztens üzenet tokenek száma: 300","timestamp":"2024-12-05T14:31:21.850Z"}
{"level":"info","message":"AI Categorization result: Fire Protection","timestamp":"2024-12-05T14:31:22.340Z"}
