{"level":"error","message":"Hiba az üres beszélgetések törlése során:","timestamp":"2025-02-21T04:16:51.529Z"}
{"error":{"code":"InvalidRequest","innererror":{"code":"InvalidImageFormat","message":"Input data is not a valid image."},"message":"Image format is not valid."},"level":"error","message":"Error during image upload:","timestamp":"2025-02-21T19:14:31.671Z"}
{"error":{"code":"InvalidRequest","innererror":{"code":"InvalidImageFormat","message":"Input data is not a valid image."},"message":"Image format is not valid."},"level":"error","message":"Error during image upload:","timestamp":"2025-02-21T19:14:54.768Z"}
{"error":{"code":"InvalidRequest","message":"The image size is not allowed to be zero or larger than 20971520 bytes."},"level":"error","message":"Error during PDF processing:","timestamp":"2025-02-21T19:22:50.858Z"}
{"level":"error","message":"❌ Hiba PDF feldolgozás közben:","timestamp":"2025-02-21T19:24:27.390Z"}
{"level":"error","message":"❌ Hiba PDF feldolgozás közben:","timestamp":"2025-02-21T19:26:41.485Z"}
{"level":"error","message":"❌ Hiba PDF feldolgozás közben:","timestamp":"2025-02-21T19:26:45.725Z"}
{"level":"error","message":"❌ Hiba PDF feldolgozás közben:","timestamp":"2025-02-21T19:27:43.434Z"}
{"level":"error","message":"❌ Hiba PDF feldolgozás közben:","timestamp":"2025-02-21T19:28:56.679Z"}
{"level":"error","message":"❌ Hiba PDF feldolgozás közben:","timestamp":"2025-02-21T19:29:15.145Z"}
{"level":"error","message":"❌ Hiba PDF feldolgozás közben:","timestamp":"2025-02-21T19:31:58.406Z"}
{"level":"error","message":"❌ Hiba PDF feldolgozás közben:","timestamp":"2025-02-21T19:32:38.476Z"}
{"level":"error","message":"❌ Hiba PDF feldolgozás közben:","timestamp":"2025-02-21T19:33:36.161Z"}
{"level":"error","message":"❌ Hiba PDF feldolgozás közben:","timestamp":"2025-02-21T19:34:01.456Z"}
{"level":"error","message":"❌ Hiba PDF feldolgozás közben:","timestamp":"2025-02-21T19:39:02.798Z"}
{"error":{"code":"404","message":"Resource not found"},"level":"error","message":"❌ Hiba PDF feldolgozás közben:","timestamp":"2025-02-21T19:43:21.314Z"}
{"error":{"code":"404","message":"Resource not found"},"level":"error","message":"❌ Hiba PDF feldolgozás közben:","timestamp":"2025-02-21T19:53:33.885Z"}
{"error":{"code":"404","message":"Resource not found"},"level":"error","message":"❌ Hiba PDF feldolgozás közben:","timestamp":"2025-02-21T20:00:45.528Z"}
{"error":{"code":"404","message":"Resource not found"},"level":"error","message":"❌ Hiba PDF feldolgozás közben:","timestamp":"2025-02-21T20:09:35.217Z"}
{"error":{"code":"404","message":"Resource not found"},"level":"error","message":"❌ Hiba PDF feldolgozás közben:","timestamp":"2025-02-21T20:11:03.351Z"}
{"error":{"code":"404","message":"Resource not found"},"level":"error","message":"❌ Error processing PDF:","timestamp":"2025-02-21T20:58:28.513Z"}
{"error":{"code":"404","message":"Resource not found"},"level":"error","message":"❌ Error processing PDF:","timestamp":"2025-02-21T21:05:27.686Z"}
{"error":{"code":"404","message":"Resource not found"},"level":"error","message":"❌ Error processing PDF:","timestamp":"2025-02-21T21:11:53.702Z"}
{"error":{"code":"404","message":"Resource not found"},"level":"error","message":"❌ Error processing PDF:","timestamp":"2025-02-21T22:15:49.328Z"}
