2025-07-22 15:48:48,128 [INFO] DXF fájl beolvasása: /Users/chegue/AI demok/Backend/uploads/826abe85902b1a6d9213057b8e08502d
2025-07-22 15:48:49,547 [INFO] 4787 LINE objektum beolvasva.
2025-07-22 15:48:49,551 [INFO] 5 DN jelölés azonosítva.
2025-07-22 15:48:49,559 [INFO] 4787 csőszakasz feldolgozva.
2025-07-22 15:48:49,561 [INFO] 0 szerelvénytípus azonosítva: {}
2025-07-22 15:48:49,626 [INFO] Excel mentve: results/output_1753199329.xlsx
2025-07-22 15:49:59,452 [INFO] DXF fájl beolvasása: /Users/chegue/AI demok/Backend/uploads/1aefaf2bcce04b5ae6f6eec9f679fa10
2025-07-22 15:50:00,795 [INFO] 4787 LINE objektum beolvasva.
2025-07-22 15:50:00,799 [INFO] 5 DN jelölés azonosítva.
2025-07-22 15:50:00,806 [INFO] 4787 csőszakasz feldolgozva.
2025-07-22 15:50:00,808 [INFO] 0 szerelvénytípus azonosítva: {}
2025-07-22 15:50:00,907 [INFO] Excel mentve: results/output_1753199400.xlsx
2025-07-22 16:06:31,102 [INFO] DXF fájl beolvasása: /Users/chegue/AI demok/Backend/uploads/d23e6edaed6f30c6230a96e8725bd9ab
2025-07-22 16:06:32,471 [INFO] 4787 LINE objektum beolvasva.
2025-07-22 16:06:32,475 [INFO] 5 DN jelölés azonosítva.
2025-07-22 16:06:32,494 [INFO] 4787 csőszakasz feldolgozva.
2025-07-22 16:06:32,496 [INFO] 0 szerelvénytípus azonosítva: {}
2025-07-22 16:06:32,602 [INFO] Excel mentve: results/output_1753200392.xlsx
2025-07-22 16:11:06,725 [INFO] DXF fájl beolvasása: /Users/chegue/AI demok/Backend/uploads/80fb8aab73a2e21e10980d21aaa3ab6d
2025-07-22 16:11:08,108 [INFO] 4787 LINE objektum beolvasva.
2025-07-22 16:11:08,112 [INFO] 5 DN jelölés azonosítva.
2025-07-22 16:11:08,133 [INFO] 0 csőszakaszhoz sikerült DN-t rendelni.
2025-07-22 16:11:08,133 [INFO] 4787 csőszakaszhoz nem talált DN szöveget (>= 80 egység távolság).
2025-07-22 16:11:08,133 [INFO] 4787 csőszakasz feldolgozva.
2025-07-22 16:11:08,135 [INFO] 0 szerelvénytípus azonosítva: {}
2025-07-22 16:11:08,240 [INFO] Excel mentve: results/output_1753200668.xlsx
2025-07-22 19:59:03,367 [INFO] DXF fájl beolvasása: /Users/chegue/AI demok/Backend/uploads/da7a6108a4fb4a34b6cec950f54cf15c
2025-07-22 19:59:04,869 [INFO] 6753 LINE objektum beolvasva.
2025-07-22 19:59:04,875 [INFO] 88 DN jelölés azonosítva.
2025-07-22 19:59:05,211 [INFO] 10 csőszakaszhoz sikerült DN-t rendelni.
2025-07-22 19:59:05,211 [INFO] 6743 csőszakaszhoz nem talált DN szöveget (>= 80 egység távolság).
2025-07-22 19:59:05,211 [INFO] 6753 csőszakasz feldolgozva.
2025-07-22 19:59:05,214 [INFO] 0 szerelvénytípus azonosítva: {}
2025-07-22 19:59:05,300 [INFO] Excel mentve: results/output_1753214345.xlsx
2025-07-22 19:59:28,048 [INFO] DXF fájl beolvasása: /Users/chegue/AI demok/Backend/uploads/a5963ffcf91aaf69eeed068791aa9d76
2025-07-22 19:59:29,383 [INFO] 4787 LINE objektum beolvasva.
2025-07-22 19:59:29,387 [INFO] 5 DN jelölés azonosítva.
2025-07-22 19:59:29,404 [INFO] 0 csőszakaszhoz sikerült DN-t rendelni.
2025-07-22 19:59:29,404 [INFO] 4787 csőszakaszhoz nem talált DN szöveget (>= 80 egység távolság).
2025-07-22 19:59:29,404 [INFO] 4787 csőszakasz feldolgozva.
2025-07-22 19:59:29,406 [INFO] 0 szerelvénytípus azonosítva: {}
2025-07-22 19:59:29,506 [INFO] Excel mentve: results/output_1753214369.xlsx
2025-07-22 20:02:12,159 [INFO] DXF fájl beolvasása: /Users/chegue/AI demok/Backend/uploads/be64ddd6a21b56177078897db84a4de7
2025-07-22 20:02:13,681 [INFO] 14415 LINE objektum beolvasva.
2025-07-22 20:02:13,688 [INFO] 89 DN jelölés azonosítva.
2025-07-22 20:02:14,411 [INFO] 207 csőszakaszhoz sikerült DN-t rendelni.
2025-07-22 20:02:14,412 [INFO] 14208 csőszakaszhoz nem talált DN szöveget (>= 80 egység távolság).
2025-07-22 20:02:14,412 [INFO] 14415 csőszakasz feldolgozva.
2025-07-22 20:02:14,419 [INFO] 2 szerelvénytípus azonosítva: {'VALVE': 17, 'ELBOW': 63}
2025-07-22 20:02:14,671 [INFO] Excel mentve: results/output_1753214534.xlsx
2025-07-22 20:07:58,342 [INFO] DXF fájl beolvasása: /Users/chegue/AI demok/Backend/uploads/370c13fbf6ed3597a54d3c2a0ca072ec
2025-07-22 20:08:00,079 [INFO] 3162 LINE objektum beolvasva.
2025-07-22 20:08:00,084 [INFO] 209 DN jelölés azonosítva.
2025-07-22 20:08:00,430 [INFO] 42 csőszakaszhoz sikerült DN-t rendelni.
2025-07-22 20:08:00,430 [INFO] 3120 csőszakaszhoz nem talált DN szöveget (>= 80 egység távolság).
2025-07-22 20:08:00,430 [INFO] 3162 csőszakasz feldolgozva.
2025-07-22 20:08:00,432 [INFO] 0 szerelvénytípus azonosítva: {}
2025-07-22 20:08:00,477 [INFO] Excel mentve: results/output_1753214880.xlsx
2025-07-22 20:10:04,584 [INFO] DXF fájl beolvasása: /Users/chegue/AI demok/Backend/uploads/714814fc6a468f64da35191cabc1567f
2025-07-22 20:10:05,049 [INFO] 1111 LINE objektum beolvasva.
2025-07-22 20:10:05,051 [INFO] 52 DN jelölés azonosítva.
2025-07-22 20:10:05,085 [INFO] 0 csőszakaszhoz sikerült DN-t rendelni.
2025-07-22 20:10:05,086 [INFO] 1111 csőszakaszhoz nem talált DN szöveget (>= 80 egység távolság).
2025-07-22 20:10:05,086 [INFO] 1111 csőszakasz feldolgozva.
2025-07-22 20:10:05,087 [INFO] 0 szerelvénytípus azonosítva: {}
2025-07-22 20:10:05,109 [INFO] Excel mentve: results/output_1753215005.xlsx
2025-07-22 20:10:22,184 [INFO] DXF fájl beolvasása: /Users/chegue/AI demok/Backend/uploads/910745319bd02ca4d2ee33c977d5a661
2025-07-22 20:10:23,764 [INFO] 14415 LINE objektum beolvasva.
2025-07-22 20:10:23,770 [INFO] 89 DN jelölés azonosítva.
2025-07-22 20:10:24,502 [INFO] 207 csőszakaszhoz sikerült DN-t rendelni.
2025-07-22 20:10:24,502 [INFO] 14208 csőszakaszhoz nem talált DN szöveget (>= 80 egység távolság).
2025-07-22 20:10:24,502 [INFO] 14415 csőszakasz feldolgozva.
2025-07-22 20:10:24,509 [INFO] 2 szerelvénytípus azonosítva: {'VALVE': 17, 'ELBOW': 63}
2025-07-22 20:10:24,760 [INFO] Excel mentve: results/output_1753215024.xlsx
2025-07-22 20:13:01,110 [INFO] DXF fájl beolvasása: /Users/chegue/AI demok/Backend/uploads/d52863120dd518eb0c8ceab222b447b3
2025-07-22 20:13:01,582 [INFO] 1111 LINE objektum beolvasva.
2025-07-22 20:13:01,584 [INFO] 52 DN jelölés azonosítva.
2025-07-22 20:13:01,616 [INFO] 0 csőszakaszhoz sikerült DN-t rendelni.
2025-07-22 20:13:01,616 [INFO] 1111 csőszakaszhoz nem talált DN szöveget (>= 80 egység távolság).
2025-07-22 20:13:01,616 [INFO] 1111 csőszakasz feldolgozva.
2025-07-22 20:13:01,617 [INFO] 0 szerelvénytípus azonosítva: {}
2025-07-22 20:13:01,638 [INFO] Excel mentve: results/output_1753215181.xlsx
2025-07-22 20:13:19,527 [INFO] DXF fájl beolvasása: /Users/chegue/AI demok/Backend/uploads/9d8efd6deaa555aae09ca833a281596b
2025-07-22 20:13:21,080 [INFO] 14415 LINE objektum beolvasva.
2025-07-22 20:13:21,087 [INFO] 89 DN jelölés azonosítva.
2025-07-22 20:13:21,788 [INFO] 207 csőszakaszhoz sikerült DN-t rendelni.
2025-07-22 20:13:21,789 [INFO] 14208 csőszakaszhoz nem talált DN szöveget (>= 80 egység távolság).
2025-07-22 20:13:21,789 [INFO] 14415 csőszakasz feldolgozva.
2025-07-22 20:13:21,795 [INFO] 2 szerelvénytípus azonosítva: {'VALVE': 17, 'ELBOW': 63}
2025-07-22 20:13:22,047 [INFO] Excel mentve: results/output_1753215201.xlsx
2025-07-23 18:06:11,920 [INFO] DXF fájl beolvasása: /Users/chegue/AI demok/Backend/uploads/13f92afb3b1be00ef9eecebb800538b5
2025-07-23 18:06:12,396 [INFO] 1111 LINE objektum beolvasva.
2025-07-23 18:06:12,398 [INFO] 52 DN jelölés azonosítva.
2025-07-23 18:06:12,430 [INFO] 0 csőszakaszhoz sikerült DN-t rendelni.
2025-07-23 18:06:12,430 [INFO] 1111 csőszakaszhoz nem talált DN szöveget (>= 80 egység távolság).
2025-07-23 18:06:12,430 [INFO] 1111 csőszakasz feldolgozva.
2025-07-23 18:06:12,430 [INFO] 0 szerelvénytípus azonosítva: {}
2025-07-23 18:06:12,453 [INFO] Excel mentve: results/output_1753293972.xlsx
2025-07-23 18:06:25,822 [INFO] DXF fájl beolvasása: /Users/chegue/AI demok/Backend/uploads/6a9d0b6ad791e6bda0c818898d69a53a
2025-07-23 18:06:27,612 [INFO] 3162 LINE objektum beolvasva.
2025-07-23 18:06:27,617 [INFO] 209 DN jelölés azonosítva.
2025-07-23 18:06:27,977 [INFO] 42 csőszakaszhoz sikerült DN-t rendelni.
2025-07-23 18:06:27,978 [INFO] 3120 csőszakaszhoz nem talált DN szöveget (>= 80 egység távolság).
2025-07-23 18:06:27,978 [INFO] 3162 csőszakasz feldolgozva.
2025-07-23 18:06:27,979 [INFO] 0 szerelvénytípus azonosítva: {}
2025-07-23 18:06:28,026 [INFO] Excel mentve: results/output_1753293987.xlsx
2025-07-23 18:07:23,950 [INFO] DXF fájl beolvasása: /Users/chegue/AI demok/Backend/uploads/d1910793ab86c92e51e3574f2157ad01
2025-07-23 18:07:25,546 [INFO] 14415 LINE objektum beolvasva.
2025-07-23 18:07:25,553 [INFO] 89 DN jelölés azonosítva.
2025-07-23 18:07:26,270 [INFO] 207 csőszakaszhoz sikerült DN-t rendelni.
2025-07-23 18:07:26,270 [INFO] 14208 csőszakaszhoz nem talált DN szöveget (>= 80 egység távolság).
2025-07-23 18:07:26,270 [INFO] 14415 csőszakasz feldolgozva.
2025-07-23 18:07:26,277 [INFO] 2 szerelvénytípus azonosítva: {'VALVE': 17, 'ELBOW': 63}
2025-07-23 18:07:26,547 [INFO] Excel mentve: results/output_1753294046.xlsx
2025-07-23 18:19:36,091 [INFO] DXF fájl beolvasása: /Users/chegue/AI demok/Backend/uploads/ae33774997c780eaa9cfec3e25bdcc0f
2025-07-23 18:19:37,689 [INFO] 14415 LINE objektum beolvasva.
2025-07-23 18:19:37,696 [INFO] 89 DN jelölés azonosítva.
2025-07-23 18:19:38,410 [INFO] 207 csőszakaszhoz sikerült DN-t rendelni.
2025-07-23 18:19:38,410 [INFO] 14208 csőszakaszhoz nem talált DN szöveget (>= 80 egység távolság).
2025-07-23 18:19:38,410 [INFO] 14415 csőszakasz feldolgozva.
2025-07-23 18:19:38,417 [INFO] 2 szerelvénytípus azonosítva: {'VALVE': 17, 'ELBOW': 63}
2025-07-23 18:19:38,687 [INFO] Excel mentve: results/output_1753294778.xlsx
2025-07-23 18:24:08,072 [INFO] DXF fájl beolvasása: /Users/chegue/AI demok/Backend/uploads/0d795858917abe3920c281c72e945623
2025-07-23 18:24:09,676 [INFO] 14415 LINE objektum beolvasva.
2025-07-23 18:24:09,684 [INFO] 89 DN jelölés azonosítva.
2025-07-23 18:24:10,400 [INFO] 207 csőszakaszhoz sikerült DN-t rendelni.
2025-07-23 18:24:10,400 [INFO] 14208 csőszakaszhoz nem talált DN szöveget (>= 80 egység távolság).
2025-07-23 18:24:10,400 [INFO] 14415 csőszakasz feldolgozva.
2025-07-23 18:24:10,407 [INFO] 2 szerelvénytípus azonosítva: {'VALVE': 17, 'ELBOW': 63}
2025-07-23 18:24:10,674 [INFO] Excel mentve: results/output_1753295050.xlsx
2025-07-23 18:48:35,381 [INFO] DXF fájl beolvasása: /Users/chegue/AI demok/Backend/uploads/b11449e013cc7d0c5d7128dea42db84a
2025-07-23 18:48:36,766 [INFO] 4787 LINE objektum beolvasva.
2025-07-23 18:48:36,770 [INFO] 5 DN jelölés azonosítva.
2025-07-23 18:48:36,831 [INFO] 0 csőszakaszhoz sikerült DN-t rendelni.
2025-07-23 18:48:36,831 [INFO] 4787 csőszakaszhoz nem talált DN szöveget (>= 80 egység távolság).
2025-07-23 18:48:36,831 [INFO] 4787 csőszakasz feldolgozva.
2025-07-23 18:49:39,409 [INFO] DXF fájl beolvasása: /Users/chegue/AI demok/Backend/uploads/3ede17e5cacffeed425ce71bb4a56d77
2025-07-23 18:49:40,829 [INFO] 4787 LINE objektum beolvasva.
2025-07-23 18:49:40,833 [INFO] 5 DN jelölés azonosítva.
2025-07-23 18:49:40,896 [INFO] 0 csőszakaszhoz sikerült DN-t rendelni.
2025-07-23 18:49:40,896 [INFO] 4787 csőszakaszhoz nem talált DN szöveget (>= 80 egység távolság).
2025-07-23 18:49:40,896 [INFO] 4787 csőszakasz feldolgozva.
2025-07-23 18:52:44,999 [INFO] DXF fájl beolvasása: /Users/chegue/AI demok/Backend/uploads/599844f0e22bdadcd1e811b74289eded
2025-07-23 18:52:46,397 [INFO] 4787 LINE objektum beolvasva.
2025-07-23 18:52:46,401 [INFO] 5 DN jelölés azonosítva.
2025-07-23 18:52:46,462 [INFO] 0 csőszakaszhoz sikerült DN-t rendelni.
2025-07-23 18:52:46,462 [INFO] 4787 csőszakaszhoz nem talált DN szöveget (>= 80 egység távolság).
2025-07-23 18:52:46,462 [INFO] 4787 csőszakasz feldolgozva.
2025-07-23 18:52:46,506 [INFO] 4787 'unknown' DN mentve ide: results/debug_unknowns_1753296766.json
2025-07-23 18:52:46,509 [INFO] 0 szerelvénytípus azonosítva: {}
2025-07-23 18:52:46,762 [INFO] Excel mentve: results/output_1753296766.xlsx
2025-07-23 18:57:14,428 [INFO] DXF fájl beolvasása: /Users/chegue/AI demok/Backend/uploads/9d02023698a607683595e4a037e95861
2025-07-23 18:57:15,817 [INFO] 4787 LINE objektum beolvasva.
2025-07-23 18:57:15,820 [INFO] 5 DN jelölés azonosítva.
2025-07-23 18:57:15,885 [INFO] 0 csőszakaszhoz sikerült DN-t rendelni.
2025-07-23 18:57:15,885 [INFO] 4787 csőszakaszhoz nem talált DN szöveget (>= 80 egység távolság).
2025-07-23 18:57:15,885 [INFO] 4787 csőszakasz feldolgozva.
2025-07-23 18:57:15,929 [INFO] 4787 'unknown' DN mentve ide: results/debug_unknowns_1753297035.json
2025-07-23 18:57:15,931 [INFO] 0 szerelvénytípus azonosítva: {}
2025-07-23 18:57:16,176 [INFO] Excel mentve: results/output_1753297035.xlsx
2025-07-23 18:57:36,518 [INFO] DXF fájl beolvasása: /Users/chegue/AI demok/Backend/uploads/44f26a319ac7bcfdbabc508181121fbb
2025-07-23 18:57:38,303 [INFO] 3162 LINE objektum beolvasva.
2025-07-23 18:57:38,308 [INFO] 209 DN jelölés azonosítva.
2025-07-23 18:57:38,679 [INFO] 42 csőszakaszhoz sikerült DN-t rendelni.
2025-07-23 18:57:38,679 [INFO] 3120 csőszakaszhoz nem talált DN szöveget (>= 80 egység távolság).
2025-07-23 18:57:38,679 [INFO] 3162 csőszakasz feldolgozva.
2025-07-23 18:57:38,709 [INFO] 3120 'unknown' DN mentve ide: results/debug_unknowns_1753297058.json
2025-07-23 18:57:38,711 [INFO] 0 szerelvénytípus azonosítva: {}
2025-07-23 18:57:38,901 [INFO] Excel mentve: results/output_1753297058.xlsx
2025-07-23 18:57:48,620 [INFO] DXF fájl beolvasása: /Users/chegue/AI demok/Backend/uploads/4c2e9c4d0764ca26ffc7ff0ebab4ca00
2025-07-23 18:57:49,103 [INFO] 1111 LINE objektum beolvasva.
2025-07-23 18:57:49,105 [INFO] 52 DN jelölés azonosítva.
2025-07-23 18:57:49,138 [INFO] 0 csőszakaszhoz sikerült DN-t rendelni.
2025-07-23 18:57:49,138 [INFO] 1111 csőszakaszhoz nem talált DN szöveget (>= 80 egység távolság).
2025-07-23 18:57:49,138 [INFO] 1111 csőszakasz feldolgozva.
2025-07-23 18:57:49,149 [INFO] 1111 'unknown' DN mentve ide: results/debug_unknowns_1753297069.json
2025-07-23 18:57:49,149 [INFO] 0 szerelvénytípus azonosítva: {}
2025-07-23 18:57:49,223 [INFO] Excel mentve: results/output_1753297069.xlsx
2025-07-23 18:57:56,121 [INFO] DXF fájl beolvasása: /Users/chegue/AI demok/Backend/uploads/0b7708696c6db7cc0296a241f63ee803
2025-07-23 18:58:03,558 [INFO] 34802 LINE objektum beolvasva.
2025-07-23 18:58:03,574 [INFO] 971 DN jelölés azonosítva.
2025-07-23 18:58:22,667 [INFO] 175 csőszakaszhoz sikerült DN-t rendelni.
2025-07-23 18:58:22,668 [INFO] 34627 csőszakaszhoz nem talált DN szöveget (>= 80 egység távolság).
2025-07-23 18:58:22,668 [INFO] 34802 csőszakasz feldolgozva.
2025-07-23 18:58:22,986 [INFO] 34627 'unknown' DN mentve ide: results/debug_unknowns_1753297102.json
2025-07-23 18:58:23,027 [INFO] 0 szerelvénytípus azonosítva: {}
2025-07-23 18:58:25,294 [INFO] Excel mentve: results/output_1753297103.xlsx
2025-07-23 18:58:52,489 [INFO] DXF fájl beolvasása: /Users/chegue/AI demok/Backend/uploads/ac7ff92375aa4e013cdd3943fd46364d
2025-07-23 18:58:54,102 [INFO] 14415 LINE objektum beolvasva.
2025-07-23 18:58:54,109 [INFO] 89 DN jelölés azonosítva.
2025-07-23 18:58:54,911 [INFO] 207 csőszakaszhoz sikerült DN-t rendelni.
2025-07-23 18:58:54,911 [INFO] 14208 csőszakaszhoz nem talált DN szöveget (>= 80 egység távolság).
2025-07-23 18:58:54,911 [INFO] 14415 csőszakasz feldolgozva.
2025-07-23 18:58:55,034 [INFO] 14208 'unknown' DN mentve ide: results/debug_unknowns_1753297134.json
2025-07-23 18:58:55,040 [INFO] 2 szerelvénytípus azonosítva: {'VALVE': 17, 'ELBOW': 63}
2025-07-23 18:58:55,760 [INFO] Excel mentve: results/output_1753297135.xlsx
2025-07-23 19:29:18,098 [INFO] DXF fájl beolvasása: /Users/chegue/AI demok/Backend/uploads/9ece157331a0a838e7fdb49758a4050b
2025-07-23 19:29:19,687 [INFO] 14415 LINE objektum beolvasva.
2025-07-23 19:29:19,695 [INFO] 265 szövegobjektum beolvasva, köztük 89 DN-azonosított.
2025-07-23 19:29:26,119 [INFO] 530 csőszakaszhoz sikerült DN-t rendelni.
2025-07-23 19:29:26,120 [INFO] 13885 csőszakaszhoz nem talált DN szöveget (>= 100 egység távolság).
2025-07-23 19:29:26,120 [INFO] 14415 csőszakasz feldolgozva.
2025-07-23 19:29:26,243 [INFO] 13885 'unknown' DN mentve ide: results/debug_unknowns_1753298966.json
2025-07-23 19:29:26,250 [INFO] 2 szerelvénytípus azonosítva: {'VALVE': 17, 'ELBOW': 63}
2025-07-23 19:29:26,969 [INFO] Excel mentve: results/output_1753298966.xlsx
2025-07-23 19:31:53,027 [INFO] DXF fájl beolvasása: /Users/chegue/AI demok/Backend/uploads/ecfe60245ad2ebbd92411efc09901f60
2025-07-23 19:31:54,669 [INFO] 14415 LINE objektum beolvasva.
2025-07-23 19:31:54,678 [INFO] 265 szövegobjektum beolvasva, köztük 89 DN-azonosított.
2025-07-23 19:32:01,119 [INFO] 9247 csőszakaszhoz sikerült DN-t rendelni.
2025-07-23 19:32:01,120 [INFO] 5168 csőszakaszhoz nem talált DN szöveget (>= 500 egység távolság).
2025-07-23 19:32:01,120 [INFO] 14415 csőszakasz feldolgozva.
2025-07-23 19:32:01,168 [INFO] 5168 'unknown' DN mentve ide: results/debug_unknowns_1753299121.json
2025-07-23 19:32:01,175 [INFO] 2 szerelvénytípus azonosítva: {'VALVE': 17, 'ELBOW': 63}
2025-07-23 19:32:01,985 [INFO] Excel mentve: results/output_1753299121.xlsx
2025-07-23 19:33:01,867 [INFO] DXF fájl beolvasása: /Users/chegue/AI demok/Backend/uploads/e967dd49bca084d662250815e8ccaeb6
2025-07-23 19:33:03,493 [INFO] 6753 LINE objektum beolvasva.
2025-07-23 19:33:03,500 [INFO] 2778 szövegobjektum beolvasva, köztük 88 DN-azonosított.
2025-07-23 19:33:33,661 [INFO] 5297 csőszakaszhoz sikerült DN-t rendelni.
2025-07-23 19:33:33,662 [INFO] 1456 csőszakaszhoz nem talált DN szöveget (>= 500 egység távolság).
2025-07-23 19:33:33,662 [INFO] 6753 csőszakasz feldolgozva.
2025-07-23 19:33:33,680 [INFO] 1456 'unknown' DN mentve ide: results/debug_unknowns_1753299213.json
2025-07-23 19:33:33,684 [INFO] 0 szerelvénytípus azonosítva: {}
2025-07-23 19:33:34,093 [INFO] Excel mentve: results/output_1753299213.xlsx
2025-07-23 19:34:04,557 [INFO] DXF fájl beolvasása: /Users/chegue/AI demok/Backend/uploads/6159c85722629f0fd081b9035d00327e
2025-07-23 19:34:06,333 [INFO] 14415 LINE objektum beolvasva.
2025-07-23 19:34:06,340 [INFO] 265 szövegobjektum beolvasva, köztük 89 DN-azonosított.
2025-07-23 19:34:12,764 [INFO] 9247 csőszakaszhoz sikerült DN-t rendelni.
2025-07-23 19:34:12,764 [INFO] 5168 csőszakaszhoz nem talált DN szöveget (>= 500 egység távolság).
2025-07-23 19:34:12,764 [INFO] 14415 csőszakasz feldolgozva.
2025-07-23 19:34:12,813 [INFO] 5168 'unknown' DN mentve ide: results/debug_unknowns_1753299252.json
2025-07-23 19:34:12,833 [INFO] 2 szerelvénytípus azonosítva: {'VALVE': 17, 'ELBOW': 63}
2025-07-23 19:34:13,581 [INFO] Excel mentve: results/output_1753299252.xlsx
2025-07-23 19:40:06,813 [INFO] DXF fájl beolvasása: /Users/chegue/AI demok/Backend/uploads/7b41f6445dbc52227a208d95bb48e039
2025-07-23 19:40:08,438 [INFO] 14415 LINE objektum beolvasva.
2025-07-23 19:40:08,446 [INFO] 265 szövegobjektum beolvasva, köztük 89 DN-azonosított.
2025-07-23 19:40:14,824 [INFO] 9247 csőszakaszhoz sikerült DN-t rendelni.
2025-07-23 19:40:14,825 [INFO] 5168 csőszakaszhoz nem talált DN szöveget (>= 500 egység távolság).
2025-07-23 19:40:14,825 [INFO] 14415 csőszakasz feldolgozva.
2025-07-23 19:40:14,875 [INFO] 5168 'unknown' DN mentve ide: results/debug_unknowns_1753299614.json
2025-07-23 19:40:14,882 [INFO] 2 szerelvénytípus azonosítva: {'VALVE': 17, 'ELBOW': 63}
2025-07-23 19:40:15,598 [INFO] Excel mentve: results/output_1753299614.xlsx
2025-07-23 19:48:45,329 [INFO] DXF fájl beolvasása: /Users/chegue/AI demok/Backend/uploads/5511dbe68059a39355704e3023f54793
2025-07-23 19:48:46,912 [INFO] 14415 LINE objektum beolvasva.
2025-07-23 19:48:46,919 [INFO] 265 szövegobjektum beolvasva, köztük 89 DN-azonosított.
2025-07-23 19:48:53,197 [INFO] 9247 csőszakaszhoz sikerült DN-t rendelni.
2025-07-23 19:48:53,197 [INFO] 5168 csőszakaszhoz nem talált DN szöveget (>= 500 egység távolság).
2025-07-23 19:48:53,198 [INFO] 14415 csőszakasz feldolgozva.
2025-07-23 19:48:53,247 [INFO] 5168 'unknown' DN mentve ide: results/debug_unknowns_1753300133.json
2025-07-23 19:48:53,255 [INFO] 2 szerelvénytípus azonosítva: {'VALVE': 17, 'ELBOW': 63}
2025-07-23 19:48:53,953 [INFO] Excel mentve: results/output_1753300133.xlsx
2025-07-23 19:55:53,063 [INFO] DXF fájl beolvasása: /Users/chegue/AI demok/Backend/uploads/e86ac0d66d0017e9beabfde46e897ea0
2025-07-23 19:55:54,711 [INFO] 14415 LINE objektum beolvasva.
2025-07-23 19:55:54,718 [INFO] 265 szövegobjektum beolvasva, köztük 89 DN-azonosított.
2025-07-23 19:56:00,994 [INFO] 9247 csőszakaszhoz sikerült DN-t rendelni.
2025-07-23 19:56:00,994 [INFO] 5168 csőszakaszhoz nem talált DN szöveget (>= 500 egység távolság).
2025-07-23 19:56:00,994 [INFO] 14415 csőszakasz feldolgozva.
2025-07-23 19:56:01,043 [INFO] 5168 'unknown' DN mentve ide: results/debug_unknowns_1753300560.json
2025-07-23 19:56:01,049 [INFO] 2 szerelvénytípus azonosítva: {'VALVE': 17, 'ELBOW': 63}
2025-07-23 19:56:01,819 [INFO] Excel mentve: results/output_1753300561.xlsx
2025-07-23 20:02:00,878 [INFO] DXF fájl beolvasása: /Users/chegue/AI demok/Backend/uploads/998015c432fc2f564e202f068bbe7845
2025-07-23 20:02:02,563 [INFO] 14415 LINE objektum beolvasva.
2025-07-23 20:02:02,570 [INFO] 265 szövegobjektum beolvasva, köztük 89 DN-azonosított.
2025-07-23 20:02:08,860 [INFO] 9247 csőszakaszhoz sikerült DN-t rendelni.
2025-07-23 20:02:08,861 [INFO] 5168 csőszakaszhoz nem talált DN szöveget (>= 500 egység távolság).
2025-07-23 20:02:08,861 [INFO] 14415 csőszakasz feldolgozva.
2025-07-23 20:02:08,910 [INFO] 5168 'unknown' DN mentve ide: results/debug_unknowns_1753300928.json
2025-07-23 20:02:08,917 [INFO] 2 szerelvénytípus azonosítva: {'VALVE': 17, 'ELBOW': 63}
2025-07-23 20:02:09,630 [INFO] Excel mentve: results/output_1753300929.xlsx
2025-07-23 20:03:06,981 [INFO] DXF fájl beolvasása: /Users/chegue/AI demok/Backend/uploads/8102ae702a276e8159208221359a132c
2025-07-23 20:03:08,650 [INFO] 14415 LINE objektum beolvasva.
2025-07-23 20:03:08,658 [INFO] 265 szövegobjektum beolvasva, köztük 89 DN-azonosított.
2025-07-23 20:03:14,988 [INFO] 9247 csőszakaszhoz sikerült DN-t rendelni.
2025-07-23 20:03:14,988 [INFO] 5168 csőszakaszhoz nem talált DN szöveget (>= 500 egység távolság).
2025-07-23 20:03:14,988 [INFO] 14415 csőszakasz feldolgozva.
2025-07-23 20:03:15,037 [INFO] 5168 'unknown' DN mentve ide: results/debug_unknowns_1753300994.json
2025-07-23 20:03:15,044 [INFO] 2 szerelvénytípus azonosítva: {'VALVE': 17, 'ELBOW': 63}
2025-07-23 20:03:15,752 [INFO] Excel mentve: results/output_1753300995.xlsx
2025-07-23 20:08:19,956 [INFO] DXF fájl beolvasása: /Users/chegue/AI demok/Backend/uploads/2acd58a5eeea81ebb8c386d47c1d5672
2025-07-23 20:08:21,531 [INFO] 14415 LINE objektum beolvasva.
2025-07-23 20:08:21,538 [INFO] 265 szövegobjektum beolvasva, köztük 89 DN-azonosított.
2025-07-23 20:08:27,929 [INFO] 9247 csőszakaszhoz sikerült DN-t rendelni.
2025-07-23 20:08:27,930 [INFO] 5168 csőszakaszhoz nem talált DN szöveget (>= 500 egység távolság).
2025-07-23 20:08:27,930 [INFO] 14415 csőszakasz feldolgozva.
2025-07-23 20:08:27,978 [INFO] 5168 'unknown' DN mentve ide: results/debug_unknowns_1753301307.json
2025-07-23 20:08:27,985 [INFO] 2 szerelvénytípus azonosítva: {'VALVE': 17, 'ELBOW': 63}
2025-07-23 20:08:28,682 [INFO] Excel mentve: results/output_1753301308.xlsx
2025-07-23 20:09:14,861 [INFO] DXF fájl beolvasása: /Users/chegue/AI demok/Backend/uploads/58f11af3b766c629fd1261f5af581d3f
2025-07-23 20:09:16,467 [INFO] 14415 LINE objektum beolvasva.
2025-07-23 20:09:16,475 [INFO] 265 szövegobjektum beolvasva, köztük 89 DN-azonosított.
2025-07-23 20:09:22,874 [INFO] 9247 csőszakaszhoz sikerült DN-t rendelni.
2025-07-23 20:09:22,875 [INFO] 5168 csőszakaszhoz nem talált DN szöveget (>= 500 egység távolság).
2025-07-23 20:09:22,875 [INFO] 14415 csőszakasz feldolgozva.
2025-07-23 20:09:22,924 [INFO] 5168 'unknown' DN mentve ide: results/debug_unknowns_1753301362.json
2025-07-23 20:09:22,930 [INFO] 2 szerelvénytípus azonosítva: {'VALVE': 17, 'ELBOW': 63}
2025-07-23 20:09:23,646 [INFO] Excel mentve: results/output_1753301363.xlsx
2025-07-23 20:24:16,401 [INFO] DXF fájl beolvasása: /Users/chegue/AI demok/Backend/uploads/be6320a8292f2b0775d151e9ccb73b82
2025-07-23 20:24:18,016 [INFO] 14415 LINE objektum beolvasva.
2025-07-23 20:24:18,023 [INFO] 265 szövegobjektum beolvasva, köztük 89 DN-azonosított.
2025-07-23 20:24:24,667 [INFO] 9247 csőszakaszhoz sikerült DN-t rendelni.
2025-07-23 20:24:24,667 [INFO] 5168 csőszakaszhoz nem talált DN szöveget (>= 500 egység távolság).
2025-07-23 20:24:24,667 [INFO] 14415 csőszakasz feldolgozva.
2025-07-23 20:24:24,718 [INFO] 5168 'unknown' DN mentve ide: results/debug_unknowns_1753302264.json
2025-07-23 20:24:24,725 [INFO] 2 szerelvénytípus azonosítva: {'VALVE': 17, 'ELBOW': 63}
2025-07-23 20:24:25,466 [INFO] Excel mentve: results/output_1753302264.xlsx
2025-07-23 20:25:27,194 [INFO] DXF fájl beolvasása: /Users/chegue/AI demok/Backend/uploads/859a8c9ebd00576f37c7aa38d7f2fb9a
2025-07-23 20:25:28,820 [INFO] 14415 LINE objektum beolvasva.
2025-07-23 20:25:28,827 [INFO] 265 szövegobjektum beolvasva, köztük 89 DN-azonosított.
2025-07-23 20:25:35,312 [INFO] 9247 csőszakaszhoz sikerült DN-t rendelni.
2025-07-23 20:25:35,312 [INFO] 5168 csőszakaszhoz nem talált DN szöveget (>= 500 egység távolság).
2025-07-23 20:25:35,312 [INFO] 14415 csőszakasz feldolgozva.
2025-07-23 20:25:35,362 [INFO] 5168 'unknown' DN mentve ide: results/debug_unknowns_1753302335.json
2025-07-23 20:25:35,368 [INFO] 2 szerelvénytípus azonosítva: {'VALVE': 17, 'ELBOW': 63}
2025-07-23 20:25:36,076 [INFO] Excel mentve: results/output_1753302335.xlsx
2025-07-23 20:26:46,944 [INFO] DXF fájl beolvasása: /Users/chegue/AI demok/Backend/uploads/b2c39a300ff9ad0691c73f986b9c859f
2025-07-23 20:26:48,582 [INFO] 14415 LINE objektum beolvasva.
2025-07-23 20:26:48,590 [INFO] 265 szövegobjektum beolvasva, köztük 89 DN-azonosított.
2025-07-23 20:26:54,973 [INFO] 9247 csőszakaszhoz sikerült DN-t rendelni.
2025-07-23 20:26:54,974 [INFO] 5168 csőszakaszhoz nem talált DN szöveget (>= 500 egység távolság).
2025-07-23 20:26:54,974 [INFO] 14415 csőszakasz feldolgozva.
2025-07-23 20:26:55,025 [INFO] 5168 'unknown' DN mentve ide: results/debug_unknowns_1753302414.json
2025-07-23 20:26:55,036 [INFO] 2 szerelvénytípus azonosítva: {'VALVE': 17, 'ELBOW': 63}
2025-07-23 20:26:55,758 [INFO] Excel mentve: results/output_1753302415.xlsx
2025-07-23 20:27:15,627 [INFO] DXF fájl beolvasása: /Users/chegue/AI demok/Backend/uploads/65852a01f7888ac024550742fd79dadb
2025-07-23 20:27:17,323 [INFO] 14415 LINE objektum beolvasva.
2025-07-23 20:27:17,332 [INFO] 265 szövegobjektum beolvasva, köztük 89 DN-azonosított.
2025-07-23 20:27:23,758 [INFO] 9247 csőszakaszhoz sikerült DN-t rendelni.
2025-07-23 20:27:23,759 [INFO] 5168 csőszakaszhoz nem talált DN szöveget (>= 500 egység távolság).
2025-07-23 20:27:23,759 [INFO] 14415 csőszakasz feldolgozva.
2025-07-23 20:27:23,809 [INFO] 5168 'unknown' DN mentve ide: results/debug_unknowns_1753302443.json
2025-07-23 20:27:23,816 [INFO] 2 szerelvénytípus azonosítva: {'VALVE': 17, 'ELBOW': 63}
2025-07-23 20:27:24,553 [INFO] Excel mentve: results/output_1753302443.xlsx
2025-07-23 20:30:27,169 [INFO] DXF fájl beolvasása: /Users/chegue/AI demok/Backend/uploads/8168c6301da30462600af924f55dfdd2
2025-07-23 20:30:28,832 [INFO] 14415 LINE objektum beolvasva.
2025-07-23 20:30:28,841 [INFO] 265 szövegobjektum beolvasva, köztük 89 DN-azonosított.
2025-07-23 20:30:35,259 [INFO] 9247 csőszakaszhoz sikerült DN-t rendelni.
2025-07-23 20:30:35,260 [INFO] 5168 csőszakaszhoz nem talált DN szöveget (>= 500 egység távolság).
2025-07-23 20:30:35,260 [INFO] 14415 csőszakasz feldolgozva.
2025-07-23 20:30:35,311 [INFO] 5168 'unknown' DN mentve ide: results/debug_unknowns_1753302635.json
2025-07-23 20:30:35,318 [INFO] 2 szerelvénytípus azonosítva: {'VALVE': 17, 'ELBOW': 63}
2025-07-23 20:30:36,060 [INFO] Excel mentve: results/output_1753302635.xlsx
2025-07-23 20:33:58,958 [INFO] DXF fájl beolvasása: /Users/chegue/AI demok/Backend/uploads/613651c0e0af510e9c7aa5680557e8c3
2025-07-23 20:34:00,616 [INFO] 14415 LINE objektum beolvasva.
2025-07-23 20:34:00,624 [INFO] 265 szövegobjektum beolvasva, köztük 89 DN-azonosított.
2025-07-23 20:34:07,091 [INFO] 9247 csőszakaszhoz sikerült DN-t rendelni.
2025-07-23 20:34:07,092 [INFO] 5168 csőszakaszhoz nem talált DN szöveget (>= 500 egység távolság).
2025-07-23 20:34:07,092 [INFO] 14415 csőszakasz feldolgozva.
2025-07-23 20:34:07,164 [INFO] 5168 'unknown' DN mentve ide: results/debug_unknowns_1753302847.json
2025-07-23 20:34:07,173 [INFO] 2 szerelvénytípus azonosítva: {'VALVE': 17, 'ELBOW': 63}
2025-07-23 20:34:07,897 [INFO] Excel mentve: results/output_1753302847.xlsx
2025-07-23 20:47:19,903 [INFO] DXF fájl beolvasása: /Users/chegue/AI demok/Backend/uploads/6d567b1dd226d19b90208a1db059307e
2025-07-23 20:47:21,522 [INFO] 14415 LINE objektum beolvasva.
2025-07-23 20:47:21,530 [INFO] 265 szövegobjektum beolvasva, köztük 89 DN-azonosított.
2025-07-23 20:47:27,885 [INFO] 9247 csőszakaszhoz sikerült DN-t rendelni.
2025-07-23 20:47:27,886 [INFO] 5168 csőszakaszhoz nem talált DN szöveget (>= 500 egység távolság).
2025-07-23 20:47:27,886 [INFO] 14415 csőszakasz feldolgozva.
2025-07-23 20:47:27,937 [INFO] 5168 'unknown' DN mentve ide: results/debug_unknowns_1753303647.json
2025-07-23 20:47:27,944 [INFO] 2 szerelvénytípus azonosítva: {'VALVE': 17, 'ELBOW': 63}
2025-07-23 20:47:28,655 [INFO] Excel mentve: results/output_1753303648.xlsx
2025-07-23 20:48:42,774 [INFO] DXF fájl beolvasása: /Users/chegue/AI demok/Backend/uploads/2bd00bbe3fe0ed104f4f6553ba994537
2025-07-23 20:48:44,533 [INFO] 6753 LINE objektum beolvasva.
2025-07-23 20:48:44,540 [INFO] 2778 szövegobjektum beolvasva, köztük 88 DN-azonosított.
2025-07-23 20:49:16,311 [INFO] 5297 csőszakaszhoz sikerült DN-t rendelni.
2025-07-23 20:49:16,313 [INFO] 1456 csőszakaszhoz nem talált DN szöveget (>= 500 egység távolság).
2025-07-23 20:49:16,313 [INFO] 6753 csőszakasz feldolgozva.
2025-07-23 20:49:16,331 [INFO] 1456 'unknown' DN mentve ide: results/debug_unknowns_1753303756.json
2025-07-23 20:49:16,347 [INFO] 0 szerelvénytípus azonosítva: {}
2025-07-23 20:49:16,758 [INFO] Excel mentve: results/output_1753303756.xlsx
2025-07-23 20:53:16,023 [INFO] DXF fájl beolvasása: /Users/chegue/AI demok/Backend/uploads/84cdf5cb6c85e7c1e959115eab0a0092
2025-07-23 20:53:17,661 [INFO] 14415 LINE objektum beolvasva.
2025-07-23 20:53:17,670 [INFO] 265 szövegobjektum beolvasva, köztük 89 DN-azonosított.
2025-07-23 20:53:24,333 [INFO] 9247 csőszakaszhoz sikerült DN-t rendelni.
2025-07-23 20:53:24,333 [INFO] 5168 csőszakaszhoz nem talált DN szöveget (>= 500 egység távolság).
2025-07-23 20:53:24,333 [INFO] 14415 csőszakasz feldolgozva.
2025-07-23 20:53:24,385 [INFO] 5168 'unknown' DN mentve ide: results/debug_unknowns_1753304004.json
2025-07-23 20:53:24,394 [INFO] 2 szerelvénytípus azonosítva: {'VALVE': 17, 'ELBOW': 63}
2025-07-23 20:53:25,111 [INFO] Excel mentve: results/output_1753304004.xlsx
2025-07-23 20:59:44,187 [INFO] DXF fájl beolvasása: /Users/chegue/AI demok/Backend/uploads/7d9aba461a5ba3963b944917200d85dd
2025-07-23 20:59:45,837 [INFO] 14415 LINE objektum beolvasva.
2025-07-23 20:59:45,845 [INFO] 265 szövegobjektum beolvasva, köztük 89 DN-azonosított.
2025-07-23 20:59:52,259 [INFO] 9247 csőszakaszhoz sikerült DN-t rendelni.
2025-07-23 20:59:52,260 [INFO] 5168 csőszakaszhoz nem talált DN szöveget (>= 500 egység távolság).
2025-07-23 20:59:52,260 [INFO] 14415 csőszakasz feldolgozva.
2025-07-23 20:59:52,309 [INFO] 5168 'unknown' DN mentve ide: results/debug_unknowns_1753304392.json
2025-07-23 20:59:52,316 [INFO] 2 szerelvénytípus azonosítva: {'VALVE': 17, 'ELBOW': 63}
2025-07-23 20:59:53,046 [INFO] Excel mentve: results/output_1753304392.xlsx
2025-07-23 21:28:51,272 [INFO] DXF fájl beolvasása: /Users/chegue/AI demok/Backend/uploads/513418e72ee0f73556153c57eae42d08
2025-07-23 21:28:52,901 [INFO] 14415 LINE objektum beolvasva.
2025-07-23 21:28:52,909 [INFO] 265 szövegobjektum beolvasva, köztük 89 DN-azonosított.
2025-07-23 21:28:59,311 [INFO] 9247 csőszakaszhoz sikerült DN-t rendelni.
2025-07-23 21:28:59,312 [INFO] 5168 csőszakaszhoz nem talált DN szöveget (>= 500 egység távolság).
2025-07-23 21:28:59,312 [INFO] 14415 csőszakasz feldolgozva.
2025-07-23 21:28:59,362 [INFO] 5168 'unknown' DN mentve ide: results/debug_unknowns_1753306139.json
2025-07-23 21:28:59,369 [INFO] 2 szerelvénytípus azonosítva: {'VALVE': 17, 'ELBOW': 63}
2025-07-23 21:29:00,093 [INFO] Excel mentve: results/output_1753306139.xlsx
2025-07-23 21:38:09,702 [INFO] DXF fájl beolvasása: /Users/chegue/AI demok/Backend/uploads/1b2367ba8c52dce664a38d5dced45086
2025-07-23 21:38:11,332 [INFO] 14415 LINE objektum beolvasva.
2025-07-23 21:38:11,340 [INFO] 265 szövegobjektum beolvasva, köztük 89 DN-azonosított.
2025-07-23 21:38:17,923 [INFO] 9247 csőszakaszhoz sikerült DN-t rendelni.
2025-07-23 21:38:17,923 [INFO] 5168 csőszakaszhoz nem talált DN szöveget (>= 500 egység távolság).
2025-07-23 21:38:17,923 [INFO] 14415 csőszakasz feldolgozva.
2025-07-23 21:38:17,973 [INFO] 5168 'unknown' DN mentve ide: results/debug_unknowns_1753306697.json
2025-07-23 21:38:17,980 [INFO] 2 szerelvénytípus azonosítva: {'VALVE': 17, 'ELBOW': 63}
2025-07-23 21:38:18,797 [INFO] Excel mentve: results/output_1753306698.xlsx
2025-07-23 21:39:43,004 [INFO] DXF fájl beolvasása: /Users/chegue/AI demok/Backend/uploads/b07c907833495bba8946081bc7de7613
2025-07-23 21:39:44,594 [INFO] 14415 LINE objektum beolvasva.
2025-07-23 21:39:44,602 [INFO] 265 szövegobjektum beolvasva, köztük 89 DN-azonosított.
2025-07-23 21:39:50,872 [INFO] 9247 csőszakaszhoz sikerült DN-t rendelni.
2025-07-23 21:39:50,873 [INFO] 5168 csőszakaszhoz nem talált DN szöveget (>= 500 egység távolság).
2025-07-23 21:39:50,873 [INFO] 14415 csőszakasz feldolgozva.
2025-07-23 21:39:50,924 [INFO] 5168 'unknown' DN mentve ide: results/debug_unknowns_1753306790.json
2025-07-23 21:39:50,931 [INFO] 2 szerelvénytípus azonosítva: {'VALVE': 17, 'ELBOW': 63}
2025-07-23 21:39:51,639 [INFO] Excel mentve: results/output_1753306791.xlsx
2025-07-23 21:42:26,725 [INFO] DXF fájl beolvasása: /Users/chegue/AI demok/Backend/uploads/27a6cad535e58296eecb81268b7af170
2025-07-23 21:42:28,325 [INFO] 14415 LINE objektum beolvasva.
2025-07-23 21:42:28,332 [INFO] 265 szövegobjektum beolvasva, köztük 89 DN-azonosított.
2025-07-23 21:42:34,638 [INFO] 9247 csőszakaszhoz sikerült DN-t rendelni.
2025-07-23 21:42:34,638 [INFO] 5168 csőszakaszhoz nem talált DN szöveget (>= 500 egység távolság).
2025-07-23 21:42:34,638 [INFO] 14415 csőszakasz feldolgozva.
2025-07-23 21:42:34,687 [INFO] 5168 'unknown' DN mentve ide: results/debug_unknowns_1753306954.json
2025-07-23 21:42:34,694 [INFO] 2 szerelvénytípus azonosítva: {'VALVE': 17, 'ELBOW': 63}
2025-07-23 21:42:35,413 [INFO] Excel mentve: results/output_1753306954.xlsx
2025-07-23 21:49:07,492 [INFO] DXF fájl beolvasása: /Users/chegue/AI demok/Backend/uploads/afe4b4999e0d64321019ac38cf26ea6d
2025-07-23 21:49:09,128 [INFO] 14415 LINE objektum beolvasva.
2025-07-23 21:49:09,137 [INFO] 265 szövegobjektum beolvasva, köztük 89 DN-azonosított.
2025-07-23 21:49:15,541 [INFO] 9247 csőszakaszhoz sikerült DN-t rendelni.
2025-07-23 21:49:15,541 [INFO] 5168 csőszakaszhoz nem talált DN szöveget (>= 500 egység távolság).
2025-07-23 21:49:15,541 [INFO] 14415 csőszakasz feldolgozva.
2025-07-23 21:49:15,591 [INFO] 5168 'unknown' DN mentve ide: results/debug_unknowns_1753307355.json
2025-07-23 21:49:15,598 [INFO] 2 szerelvénytípus azonosítva: {'VALVE': 17, 'ELBOW': 63}
2025-07-23 21:49:16,317 [INFO] Excel mentve: results/output_1753307355.xlsx
2025-07-23 21:51:03,735 [INFO] DXF fájl beolvasása: /Users/chegue/AI demok/Backend/uploads/06ab8760c7d09d766cd0f5ee9b6b38e0
2025-07-23 21:51:05,356 [INFO] 14415 LINE objektum beolvasva.
2025-07-23 21:51:05,364 [INFO] 265 szövegobjektum beolvasva, köztük 89 DN-azonosított.
2025-07-23 21:51:11,689 [INFO] 9247 csőszakaszhoz sikerült DN-t rendelni.
2025-07-23 21:51:11,689 [INFO] 5168 csőszakaszhoz nem talált DN szöveget (>= 500 egység távolság).
2025-07-23 21:51:11,689 [INFO] 14415 csőszakasz feldolgozva.
2025-07-23 21:51:11,740 [INFO] 5168 'unknown' DN mentve ide: results/debug_unknowns_1753307471.json
2025-07-23 21:51:11,747 [INFO] 2 szerelvénytípus azonosítva: {'VALVE': 17, 'ELBOW': 63}
2025-07-23 21:51:12,455 [INFO] Excel mentve: results/output_1753307471.xlsx
2025-07-23 21:56:39,240 [INFO] DXF fájl beolvasása: /Users/chegue/AI demok/Backend/uploads/9f2bf179b66c6e9a9fd52609f9a114a4
2025-07-23 21:56:40,851 [INFO] 14415 LINE objektum beolvasva.
2025-07-23 21:56:40,859 [INFO] 265 szövegobjektum beolvasva, köztük 89 DN-azonosított.
2025-07-23 21:56:47,198 [INFO] 9247 csőszakaszhoz sikerült DN-t rendelni.
2025-07-23 21:56:47,199 [INFO] 5168 csőszakaszhoz nem talált DN szöveget (>= 500 egység távolság).
2025-07-23 21:56:47,199 [INFO] 14415 csőszakasz feldolgozva.
2025-07-23 21:56:47,247 [INFO] 5168 'unknown' DN mentve ide: results/debug_unknowns_1753307807.json
2025-07-23 21:56:47,254 [INFO] 2 szerelvénytípus azonosítva: {'VALVE': 17, 'ELBOW': 63}
2025-07-23 21:56:47,954 [INFO] Excel mentve: results/output_1753307807.xlsx
2025-07-23 21:58:52,941 [INFO] DXF fájl beolvasása: /Users/chegue/AI demok/Backend/uploads/4c42d3d4bd0a5f0d4ed97008869383c3
2025-07-23 21:58:54,553 [INFO] 6753 LINE objektum beolvasva.
2025-07-23 21:58:54,560 [INFO] 2778 szövegobjektum beolvasva, köztük 88 DN-azonosított.
2025-07-23 21:59:25,161 [INFO] 5297 csőszakaszhoz sikerült DN-t rendelni.
2025-07-23 21:59:25,162 [INFO] 1456 csőszakaszhoz nem talált DN szöveget (>= 500 egység távolság).
2025-07-23 21:59:25,162 [INFO] 6753 csőszakasz feldolgozva.
2025-07-23 21:59:25,178 [INFO] 1456 'unknown' DN mentve ide: results/debug_unknowns_1753307965.json
2025-07-23 21:59:25,181 [INFO] 0 szerelvénytípus azonosítva: {}
2025-07-23 21:59:25,538 [INFO] Excel mentve: results/output_1753307965.xlsx
2025-07-23 21:59:53,986 [INFO] DXF fájl beolvasása: /Users/chegue/AI demok/Backend/uploads/978c527a8eb2b1e68bf751faffc8c919
2025-07-23 21:59:55,600 [INFO] 14415 LINE objektum beolvasva.
2025-07-23 21:59:55,608 [INFO] 265 szövegobjektum beolvasva, köztük 89 DN-azonosított.
2025-07-23 22:00:01,972 [INFO] 9247 csőszakaszhoz sikerült DN-t rendelni.
2025-07-23 22:00:01,973 [INFO] 5168 csőszakaszhoz nem talált DN szöveget (>= 500 egység távolság).
2025-07-23 22:00:01,973 [INFO] 14415 csőszakasz feldolgozva.
2025-07-23 22:00:02,024 [INFO] 5168 'unknown' DN mentve ide: results/debug_unknowns_1753308001.json
2025-07-23 22:00:02,031 [INFO] 2 szerelvénytípus azonosítva: {'VALVE': 17, 'ELBOW': 63}
2025-07-23 22:00:02,746 [INFO] Excel mentve: results/output_1753308002.xlsx
2025-07-23 22:04:38,258 [INFO] DXF fájl beolvasása: /Users/chegue/AI demok/Backend/uploads/08714988f82942afaa9fce1f1ba24e4c
2025-07-23 22:04:39,860 [INFO] 14415 LINE objektum beolvasva.
2025-07-23 22:04:39,869 [INFO] 265 szövegobjektum beolvasva, köztük 89 DN-azonosított.
2025-07-23 22:04:46,185 [INFO] 9247 csőszakaszhoz sikerült DN-t rendelni.
2025-07-23 22:04:46,185 [INFO] 5168 csőszakaszhoz nem talált DN szöveget (>= 500 egység távolság).
2025-07-23 22:04:46,185 [INFO] 14415 csőszakasz feldolgozva.
2025-07-23 22:04:46,234 [INFO] 5168 'unknown' DN mentve ide: results/debug_unknowns_1753308286.json
2025-07-23 22:04:46,241 [INFO] 2 szerelvénytípus azonosítva: {'VALVE': 17, 'ELBOW': 63}
2025-07-23 22:04:46,955 [INFO] Excel mentve: results/output_1753308286.xlsx
2025-07-24 08:32:58,781 [INFO] DXF fájl beolvasása: /Users/chegue/AI demok/Backend/uploads/6c45e23e7004001653af1aecf139892d
2025-07-24 08:33:00,356 [INFO] 14415 LINE objektum beolvasva.
2025-07-24 08:33:00,364 [INFO] 265 szövegobjektum beolvasva, köztük 89 DN-azonosított.
2025-07-24 08:33:06,604 [INFO] 9247 csőszakaszhoz sikerült DN-t rendelni.
2025-07-24 08:33:06,605 [INFO] 5168 csőszakaszhoz nem talált DN szöveget (>= 500 egység távolság).
2025-07-24 08:33:06,605 [INFO] 14415 csőszakasz feldolgozva.
2025-07-24 08:33:06,653 [INFO] 5168 'unknown' DN mentve ide: results/debug_unknowns_1753345986.json
2025-07-24 08:33:06,660 [INFO] 2 szerelvénytípus azonosítva: {'VALVE': 17, 'ELBOW': 63}
2025-07-24 08:33:07,388 [INFO] Excel mentve: results/output_1753345986.xlsx
2025-07-24 09:00:36,390 [INFO] DXF fájl beolvasása: /Users/chegue/AI demok/Backend/uploads/8a7238101d2435a4b236066e8e275e4c
2025-07-24 09:00:38,043 [INFO] 14415 LINE objektum beolvasva.
2025-07-24 09:00:38,051 [INFO] 265 szövegobjektum beolvasva, köztük 89 DN-azonosított.
2025-07-24 09:00:44,421 [INFO] 9247 csőszakaszhoz sikerült DN-t rendelni.
2025-07-24 09:00:44,423 [INFO] 5168 csőszakaszhoz nem talált DN szöveget (>= 500 egység távolság).
2025-07-24 09:00:44,423 [INFO] 14415 csőszakasz feldolgozva.
2025-07-24 09:00:44,472 [INFO] 5168 'unknown' DN mentve ide: results/debug_unknowns_1753347644.json
2025-07-24 09:00:44,478 [INFO] 2 szerelvénytípus azonosítva: {'VALVE': 17, 'ELBOW': 63}
2025-07-24 09:00:45,186 [INFO] Excel mentve: results/output_1753347644.xlsx
2025-07-24 09:05:37,878 [INFO] DXF fájl beolvasása: /Users/chegue/AI demok/Backend/uploads/b34d57b1819283058d37bce1e78b0de2
2025-07-24 09:05:39,558 [INFO] 14415 LINE objektum beolvasva.
2025-07-24 09:05:39,566 [INFO] 265 szövegobjektum beolvasva, köztük 89 DN-azonosított.
2025-07-24 09:05:46,113 [INFO] 9247 csőszakaszhoz sikerült DN-t rendelni.
2025-07-24 09:05:46,113 [INFO] 5168 csőszakaszhoz nem talált DN szöveget (>= 500 egység távolság).
2025-07-24 09:05:46,113 [INFO] 14415 csőszakasz feldolgozva.
2025-07-24 09:05:46,166 [INFO] 5168 'unknown' DN mentve ide: results/debug_unknowns_1753347946.json
2025-07-24 09:05:46,172 [INFO] 2 szerelvénytípus azonosítva: {'VALVE': 17, 'ELBOW': 63}
2025-07-24 09:05:46,871 [INFO] Excel mentve: results/output_1753347946.xlsx
2025-07-24 09:11:34,712 [INFO] DXF fájl beolvasása: /Users/chegue/AI demok/Backend/uploads/6b9bf135345aa3b4d8316919a8015e9b
2025-07-24 09:11:36,401 [INFO] 14415 LINE objektum beolvasva.
2025-07-24 09:11:36,409 [INFO] 265 szövegobjektum beolvasva, köztük 89 DN-azonosított.
2025-07-24 09:11:43,044 [INFO] 9247 csőszakaszhoz sikerült DN-t rendelni.
2025-07-24 09:11:43,045 [INFO] 5168 csőszakaszhoz nem talált DN szöveget (>= 500 egység távolság).
2025-07-24 09:11:43,045 [INFO] 14415 csőszakasz feldolgozva.
2025-07-24 09:11:43,096 [INFO] 5168 'unknown' DN mentve ide: results/debug_unknowns_1753348303.json
2025-07-24 09:11:43,104 [INFO] 2 szerelvénytípus azonosítva: {'VALVE': 17, 'ELBOW': 63}
2025-07-24 09:11:43,817 [INFO] Excel mentve: results/output_1753348303.xlsx
2025-07-24 09:14:02,033 [INFO] DXF fájl beolvasása: /Users/chegue/AI demok/Backend/uploads/5141500e0c97967d7d195d18c7dfcced
2025-07-24 09:14:03,628 [INFO] 14415 LINE objektum beolvasva.
2025-07-24 09:14:03,637 [INFO] 265 szövegobjektum beolvasva, köztük 89 DN-azonosított.
2025-07-24 09:14:09,938 [INFO] 9247 csőszakaszhoz sikerült DN-t rendelni.
2025-07-24 09:14:09,938 [INFO] 5168 csőszakaszhoz nem talált DN szöveget (>= 500 egység távolság).
2025-07-24 09:14:09,938 [INFO] 14415 csőszakasz feldolgozva.
2025-07-24 09:14:09,989 [INFO] 5168 'unknown' DN mentve ide: results/debug_unknowns_1753348449.json
2025-07-24 09:14:09,996 [INFO] 2 szerelvénytípus azonosítva: {'VALVE': 17, 'ELBOW': 63}
2025-07-24 09:14:10,708 [INFO] Excel mentve: results/output_1753348450.xlsx
2025-07-24 09:15:31,474 [INFO] DXF fájl beolvasása: /Users/chegue/AI demok/Backend/uploads/2f32925d6a0ab99e7a6458a224af3871
2025-07-24 09:15:31,964 [INFO] 1111 LINE objektum beolvasva.
2025-07-24 09:15:31,966 [INFO] 325 szövegobjektum beolvasva, köztük 52 DN-azonosított.
2025-07-24 09:15:32,564 [INFO] 315 csőszakaszhoz sikerült DN-t rendelni.
2025-07-24 09:15:32,564 [INFO] 796 csőszakaszhoz nem talált DN szöveget (>= 500 egység távolság).
2025-07-24 09:15:32,564 [INFO] 1111 csőszakasz feldolgozva.
2025-07-24 09:15:32,573 [INFO] 796 'unknown' DN mentve ide: results/debug_unknowns_1753348532.json
2025-07-24 09:15:32,574 [INFO] 0 szerelvénytípus azonosítva: {}
2025-07-24 09:15:32,652 [INFO] Excel mentve: results/output_1753348532.xlsx
2025-07-24 09:15:58,752 [INFO] DXF fájl beolvasása: /Users/chegue/AI demok/Backend/uploads/a96c024bc9f2f271d2abc4082c81aff3
2025-07-24 09:16:00,401 [INFO] 14415 LINE objektum beolvasva.
2025-07-24 09:16:00,409 [INFO] 265 szövegobjektum beolvasva, köztük 89 DN-azonosított.
2025-07-24 09:16:06,809 [INFO] 9247 csőszakaszhoz sikerült DN-t rendelni.
2025-07-24 09:16:06,810 [INFO] 5168 csőszakaszhoz nem talált DN szöveget (>= 500 egység távolság).
2025-07-24 09:16:06,810 [INFO] 14415 csőszakasz feldolgozva.
2025-07-24 09:16:06,859 [INFO] 5168 'unknown' DN mentve ide: results/debug_unknowns_1753348566.json
2025-07-24 09:16:06,866 [INFO] 2 szerelvénytípus azonosítva: {'VALVE': 17, 'ELBOW': 63}
2025-07-24 09:16:07,578 [INFO] Excel mentve: results/output_1753348566.xlsx
2025-07-24 09:18:59,778 [INFO] DXF fájl beolvasása: /Users/chegue/AI demok/Backend/uploads/aa7a06a245672382199e3343250060ae
2025-07-24 09:19:01,367 [INFO] 14415 LINE objektum beolvasva.
2025-07-24 09:19:01,374 [INFO] 265 szövegobjektum beolvasva, köztük 89 DN-azonosított.
2025-07-24 09:19:07,719 [INFO] 9247 csőszakaszhoz sikerült DN-t rendelni.
2025-07-24 09:19:07,720 [INFO] 5168 csőszakaszhoz nem talált DN szöveget (>= 500 egység távolság).
2025-07-24 09:19:07,720 [INFO] 14415 csőszakasz feldolgozva.
2025-07-24 09:19:07,772 [INFO] 5168 'unknown' DN mentve ide: results/debug_unknowns_1753348747.json
2025-07-24 09:19:07,778 [INFO] 2 szerelvénytípus azonosítva: {'VALVE': 17, 'ELBOW': 63}
2025-07-24 09:19:08,497 [INFO] Excel mentve: results/output_1753348747.xlsx
2025-07-24 09:50:04,662 [INFO] DXF fájl beolvasása: /Users/chegue/AI demok/Backend/uploads/3e668d3d11fa672a90960b63da210675
2025-07-24 09:50:06,244 [INFO] 14415 LINE objektum beolvasva.
2025-07-24 09:50:06,251 [INFO] 265 szövegobjektum beolvasva, köztük 89 DN-azonosított.
2025-07-24 09:50:12,567 [INFO] 9247 csőszakaszhoz sikerült DN-t rendelni.
2025-07-24 09:50:12,567 [INFO] 5168 csőszakaszhoz nem talált DN szöveget (>= 500 egység távolság).
2025-07-24 09:50:12,567 [INFO] 14415 csőszakasz feldolgozva.
2025-07-24 09:50:12,616 [INFO] 5168 'unknown' DN mentve ide: results/debug_unknowns_1753350612.json
2025-07-24 09:50:12,623 [INFO] 2 szerelvénytípus azonosítva: {'VALVE': 17, 'ELBOW': 63}
2025-07-24 09:50:13,331 [INFO] Excel mentve: results/output_1753350612.xlsx
2025-07-24 09:53:37,073 [INFO] DXF fájl beolvasása: /Users/chegue/AI demok/Backend/uploads/10cd85af39e7aa744afe327c341d908e
2025-07-24 09:53:38,682 [INFO] 14415 LINE objektum beolvasva.
2025-07-24 09:53:38,689 [INFO] 265 szövegobjektum beolvasva, köztük 89 DN-azonosított.
2025-07-24 09:53:44,946 [INFO] 9247 csőszakaszhoz sikerült DN-t rendelni.
2025-07-24 09:53:44,946 [INFO] 5168 csőszakaszhoz nem talált DN szöveget (>= 500 egység távolság).
2025-07-24 09:53:44,946 [INFO] 14415 csőszakasz feldolgozva.
2025-07-24 09:53:44,995 [INFO] 5168 'unknown' DN mentve ide: results/debug_unknowns_1753350824.json
2025-07-24 09:53:45,002 [INFO] 2 szerelvénytípus azonosítva: {'VALVE': 17, 'ELBOW': 63}
2025-07-24 09:53:45,712 [INFO] Excel mentve: results/output_1753350825.xlsx
2025-07-24 09:56:06,220 [INFO] DXF fájl beolvasása: /Users/chegue/AI demok/Backend/uploads/b573eb15cdfabfc38360ccf1a240308d
2025-07-24 09:56:07,824 [INFO] 14415 LINE objektum beolvasva.
2025-07-24 09:56:07,832 [INFO] 265 szövegobjektum beolvasva, köztük 89 DN-azonosított.
2025-07-24 09:56:14,102 [INFO] 9247 csőszakaszhoz sikerült DN-t rendelni.
2025-07-24 09:56:14,102 [INFO] 5168 csőszakaszhoz nem talált DN szöveget (>= 500 egység távolság).
2025-07-24 09:56:14,102 [INFO] 14415 csőszakasz feldolgozva.
2025-07-24 09:56:14,150 [INFO] 5168 'unknown' DN mentve ide: results/debug_unknowns_1753350974.json
2025-07-24 09:56:14,157 [INFO] 2 szerelvénytípus azonosítva: {'VALVE': 17, 'ELBOW': 63}
2025-07-24 09:56:14,855 [INFO] Excel mentve: results/output_1753350974.xlsx
2025-07-24 09:59:41,354 [INFO] DXF fájl beolvasása: /Users/chegue/AI demok/Backend/uploads/9a0d77a6c5f04ac29ac8afc1679e7a0d
2025-07-24 09:59:42,936 [INFO] 14415 LINE objektum beolvasva.
2025-07-24 09:59:42,944 [INFO] 265 szövegobjektum beolvasva, köztük 89 DN-azonosított.
2025-07-24 09:59:49,178 [INFO] 9247 csőszakaszhoz sikerült DN-t rendelni.
2025-07-24 09:59:49,178 [INFO] 5168 csőszakaszhoz nem talált DN szöveget (>= 500 egység távolság).
2025-07-24 09:59:49,178 [INFO] 14415 csőszakasz feldolgozva.
2025-07-24 09:59:49,227 [INFO] 5168 'unknown' DN mentve ide: results/debug_unknowns_1753351189.json
2025-07-24 09:59:49,234 [INFO] 2 szerelvénytípus azonosítva: {'VALVE': 17, 'ELBOW': 63}
2025-07-24 09:59:49,922 [INFO] Excel mentve: results/output_1753351189.xlsx
2025-07-24 10:02:27,820 [INFO] DXF fájl beolvasása: /Users/chegue/AI demok/Backend/uploads/a9b7b1e04196196129c3355f6c9979ae
2025-07-24 10:02:29,488 [INFO] 14415 LINE objektum beolvasva.
2025-07-24 10:02:29,496 [INFO] 265 szövegobjektum beolvasva, köztük 89 DN-azonosított.
2025-07-24 10:02:35,946 [INFO] 9247 csőszakaszhoz sikerült DN-t rendelni.
2025-07-24 10:02:35,946 [INFO] 5168 csőszakaszhoz nem talált DN szöveget (>= 500 egység távolság).
2025-07-24 10:02:35,946 [INFO] 14415 csőszakasz feldolgozva.
2025-07-24 10:02:35,996 [INFO] 5168 'unknown' DN mentve ide: results/debug_unknowns_1753351355.json
2025-07-24 10:02:36,002 [INFO] 2 szerelvénytípus azonosítva: {'VALVE': 17, 'ELBOW': 63}
2025-07-24 10:02:36,709 [INFO] Excel mentve: results/output_1753351356.xlsx
2025-07-24 10:06:25,490 [INFO] DXF fájl beolvasása: /Users/chegue/AI demok/Backend/uploads/089ff43fed6f8b43915fee784d23eace
2025-07-24 10:06:27,102 [INFO] 14415 LINE objektum beolvasva.
2025-07-24 10:06:27,109 [INFO] 265 szövegobjektum beolvasva, köztük 89 DN-azonosított.
2025-07-24 10:06:33,296 [INFO] 9247 csőszakaszhoz sikerült DN-t rendelni.
2025-07-24 10:06:33,296 [INFO] 5168 csőszakaszhoz nem talált DN szöveget (>= 500 egység távolság).
2025-07-24 10:06:33,296 [INFO] 14415 csőszakasz feldolgozva.
2025-07-24 10:06:33,348 [INFO] 5168 'unknown' DN mentve ide: results/debug_unknowns_1753351593.json
2025-07-24 10:06:33,355 [INFO] 2 szerelvénytípus azonosítva: {'VALVE': 17, 'ELBOW': 63}
2025-07-24 10:06:34,124 [INFO] Excel mentve: results/output_1753351593.xlsx
2025-07-24 10:10:14,699 [INFO] DXF fájl beolvasása: /Users/chegue/AI demok/Backend/uploads/e383884ac7babc3c444c382a3edd0ab7
2025-07-24 10:10:16,286 [INFO] 14415 LINE objektum beolvasva.
2025-07-24 10:10:16,293 [INFO] 265 szövegobjektum beolvasva, köztük 89 DN-azonosított.
2025-07-24 10:10:22,597 [INFO] 9247 csőszakaszhoz sikerült DN-t rendelni.
2025-07-24 10:10:22,597 [INFO] 5168 csőszakaszhoz nem talált DN szöveget (>= 500 egység távolság).
2025-07-24 10:10:22,597 [INFO] 14415 csőszakasz feldolgozva.
2025-07-24 10:10:22,647 [INFO] 5168 'unknown' DN mentve ide: results/debug_unknowns_1753351822.json
2025-07-24 10:10:22,653 [INFO] 2 szerelvénytípus azonosítva: {'VALVE': 17, 'ELBOW': 63}
2025-07-24 10:10:23,369 [INFO] Excel mentve: results/output_1753351822.xlsx
2025-07-24 10:11:03,164 [INFO] DXF fájl beolvasása: /Users/chegue/AI demok/Backend/uploads/49226b6642e971b03d0d8fcbd0651b30
2025-07-24 10:11:04,765 [INFO] 14415 LINE objektum beolvasva.
2025-07-24 10:11:04,773 [INFO] 265 szövegobjektum beolvasva, köztük 89 DN-azonosított.
2025-07-24 10:11:11,206 [INFO] 9247 csőszakaszhoz sikerült DN-t rendelni.
2025-07-24 10:11:11,206 [INFO] 5168 csőszakaszhoz nem talált DN szöveget (>= 500 egység távolság).
2025-07-24 10:11:11,206 [INFO] 14415 csőszakasz feldolgozva.
2025-07-24 10:11:11,255 [INFO] 5168 'unknown' DN mentve ide: results/debug_unknowns_1753351871.json
2025-07-24 10:11:11,261 [INFO] 2 szerelvénytípus azonosítva: {'VALVE': 17, 'ELBOW': 63}
2025-07-24 10:11:11,954 [INFO] Excel mentve: results/output_1753351871.xlsx
2025-07-24 10:12:51,085 [INFO] DXF fájl beolvasása: /Users/chegue/AI demok/Backend/uploads/6f8defdba5d374c23865fc23c44aa8e4
2025-07-24 10:12:52,651 [INFO] 14415 LINE objektum beolvasva.
2025-07-24 10:12:52,659 [INFO] 265 szövegobjektum beolvasva, köztük 89 DN-azonosított.
2025-07-24 10:12:58,939 [INFO] 9247 csőszakaszhoz sikerült DN-t rendelni.
2025-07-24 10:12:58,939 [INFO] 5168 csőszakaszhoz nem talált DN szöveget (>= 500 egység távolság).
2025-07-24 10:12:58,939 [INFO] 14415 csőszakasz feldolgozva.
2025-07-24 10:12:58,989 [INFO] 5168 'unknown' DN mentve ide: results/debug_unknowns_1753351978.json
2025-07-24 10:12:58,996 [INFO] 2 szerelvénytípus azonosítva: {'VALVE': 17, 'ELBOW': 63}
2025-07-24 10:12:59,694 [INFO] Excel mentve: results/output_1753351979.xlsx
2025-07-24 10:16:12,018 [INFO] DXF fájl beolvasása: /Users/chegue/AI demok/Backend/uploads/a3961474c6ad5818102d3a26fc4e026c
2025-07-24 10:16:13,628 [INFO] 14415 LINE objektum beolvasva.
2025-07-24 10:16:13,636 [INFO] 265 szövegobjektum beolvasva, köztük 89 DN-azonosított.
2025-07-24 10:16:19,933 [INFO] 9247 csőszakaszhoz sikerült DN-t rendelni.
2025-07-24 10:16:19,934 [INFO] 5168 csőszakaszhoz nem talált DN szöveget (>= 500 egység távolság).
2025-07-24 10:16:19,934 [INFO] 14415 csőszakasz feldolgozva.
2025-07-24 10:16:19,985 [INFO] 5168 'unknown' DN mentve ide: results/debug_unknowns_1753352179.json
2025-07-24 10:16:19,992 [INFO] 2 szerelvénytípus azonosítva: {'VALVE': 17, 'ELBOW': 63}
2025-07-24 10:16:20,689 [INFO] Excel mentve: results/output_1753352180.xlsx
2025-07-24 10:20:53,151 [INFO] DXF fájl beolvasása: /Users/chegue/AI demok/Backend/uploads/a20c2e17087089b4b523ff055e0e97fa
2025-07-24 10:20:54,817 [INFO] 14415 LINE objektum beolvasva.
2025-07-24 10:20:54,825 [INFO] 265 szövegobjektum beolvasva, köztük 89 DN-azonosított.
2025-07-24 10:21:01,029 [INFO] 9247 csőszakaszhoz sikerült DN-t rendelni.
2025-07-24 10:21:01,030 [INFO] 5168 csőszakaszhoz nem talált DN szöveget (>= 500 egység távolság).
2025-07-24 10:21:01,030 [INFO] 14415 csőszakasz feldolgozva.
2025-07-24 10:21:01,077 [INFO] 5168 'unknown' DN mentve ide: results/debug_unknowns_1753352461.json
2025-07-24 10:21:01,084 [INFO] 2 szerelvénytípus azonosítva: {'VALVE': 17, 'ELBOW': 63}
2025-07-24 10:21:01,813 [INFO] Excel mentve: results/output_1753352461.xlsx
2025-07-24 10:24:40,183 [INFO] DXF fájl beolvasása: /Users/chegue/AI demok/Backend/uploads/755d745b1fb0cdb7e66306e326f33df8
2025-07-24 10:24:41,768 [INFO] 14415 LINE objektum beolvasva.
2025-07-24 10:24:41,775 [INFO] 265 szövegobjektum beolvasva, köztük 89 DN-azonosított.
2025-07-24 10:24:48,017 [INFO] 9247 csőszakaszhoz sikerült DN-t rendelni.
2025-07-24 10:24:48,017 [INFO] 5168 csőszakaszhoz nem talált DN szöveget (>= 500 egység távolság).
2025-07-24 10:24:48,017 [INFO] 14415 csőszakasz feldolgozva.
2025-07-24 10:24:48,066 [INFO] 5168 'unknown' DN mentve ide: results/debug_unknowns_1753352688.json
2025-07-24 10:24:48,073 [INFO] 2 szerelvénytípus azonosítva: {'VALVE': 17, 'ELBOW': 63}
2025-07-24 10:24:48,774 [INFO] Excel mentve: results/output_1753352688.xlsx
2025-07-24 10:28:27,180 [INFO] DXF fájl beolvasása: /Users/chegue/AI demok/Backend/uploads/57d4cc9fac9be74f8a6c380cc117ffe0
2025-07-24 10:28:28,786 [INFO] 14415 LINE objektum beolvasva.
2025-07-24 10:28:28,793 [INFO] 265 szövegobjektum beolvasva, köztük 89 DN-azonosított.
2025-07-24 10:28:35,047 [INFO] 9247 csőszakaszhoz sikerült DN-t rendelni.
2025-07-24 10:28:35,048 [INFO] 5168 csőszakaszhoz nem talált DN szöveget (>= 500 egység távolság).
2025-07-24 10:28:35,048 [INFO] 14415 csőszakasz feldolgozva.
2025-07-24 10:28:35,096 [INFO] 5168 'unknown' DN mentve ide: results/debug_unknowns_1753352915.json
2025-07-24 10:28:35,103 [INFO] 2 szerelvénytípus azonosítva: {'VALVE': 17, 'ELBOW': 63}
2025-07-24 10:28:35,800 [INFO] Excel mentve: results/output_1753352915.xlsx
2025-07-24 10:30:09,089 [INFO] DXF fájl beolvasása: /Users/chegue/AI demok/Backend/uploads/16c74d68b188765b5cc7245375311415
2025-07-24 10:30:10,675 [INFO] 14415 LINE objektum beolvasva.
2025-07-24 10:30:10,682 [INFO] 265 szövegobjektum beolvasva, köztük 89 DN-azonosított.
2025-07-24 10:30:17,165 [INFO] 9247 csőszakaszhoz sikerült DN-t rendelni.
2025-07-24 10:30:17,165 [INFO] 5168 csőszakaszhoz nem talált DN szöveget (>= 500 egység távolság).
2025-07-24 10:30:17,165 [INFO] 14415 csőszakasz feldolgozva.
2025-07-24 10:30:17,215 [INFO] 5168 'unknown' DN mentve ide: results/debug_unknowns_1753353017.json
2025-07-24 10:30:17,222 [INFO] 2 szerelvénytípus azonosítva: {'VALVE': 17, 'ELBOW': 63}
2025-07-24 10:30:17,920 [INFO] Excel mentve: results/output_1753353017.xlsx
2025-07-24 10:32:50,586 [INFO] DXF fájl beolvasása: /Users/chegue/AI demok/Backend/uploads/98a93ccec3e04fb1154d54fd64c5346d
2025-07-24 10:32:52,179 [INFO] 14415 LINE objektum beolvasva.
2025-07-24 10:32:52,186 [INFO] 265 szövegobjektum beolvasva, köztük 89 DN-azonosított.
2025-07-24 10:32:58,842 [INFO] 9247 csőszakaszhoz sikerült DN-t rendelni.
2025-07-24 10:32:58,842 [INFO] 5168 csőszakaszhoz nem talált DN szöveget (>= 500 egység távolság).
2025-07-24 10:32:58,842 [INFO] 14415 csőszakasz feldolgozva.
2025-07-24 10:32:58,893 [INFO] 5168 'unknown' DN mentve ide: results/debug_unknowns_1753353178.json
2025-07-24 10:32:58,900 [INFO] 2 szerelvénytípus azonosítva: {'VALVE': 17, 'ELBOW': 63}
2025-07-24 10:32:59,634 [INFO] Excel mentve: results/output_1753353179.xlsx
2025-07-24 10:34:38,670 [INFO] DXF fájl beolvasása: /Users/chegue/AI demok/Backend/uploads/366e4297a3d698fac9d58c9c328849c3
2025-07-24 10:34:40,254 [INFO] 14415 LINE objektum beolvasva.
2025-07-24 10:34:40,261 [INFO] 265 szövegobjektum beolvasva, köztük 89 DN-azonosított.
2025-07-24 10:34:46,529 [INFO] 9247 csőszakaszhoz sikerült DN-t rendelni.
2025-07-24 10:34:46,529 [INFO] 5168 csőszakaszhoz nem talált DN szöveget (>= 500 egység távolság).
2025-07-24 10:34:46,529 [INFO] 14415 csőszakasz feldolgozva.
2025-07-24 10:34:46,577 [INFO] 5168 'unknown' DN mentve ide: results/debug_unknowns_1753353286.json
2025-07-24 10:34:46,584 [INFO] 2 szerelvénytípus azonosítva: {'VALVE': 17, 'ELBOW': 63}
2025-07-24 10:34:47,297 [INFO] Excel mentve: results/output_1753353286.xlsx
2025-07-24 10:42:00,487 [INFO] DXF fájl beolvasása: /Users/chegue/AI demok/Backend/uploads/a01500b981bd428a1d54fbb6ebe20166
2025-07-24 10:42:02,061 [INFO] 14415 LINE objektum beolvasva.
2025-07-24 10:42:02,069 [INFO] 265 szövegobjektum beolvasva, köztük 89 DN-azonosított.
2025-07-24 10:42:08,321 [INFO] 9247 csőszakaszhoz sikerült DN-t rendelni.
2025-07-24 10:42:08,321 [INFO] 5168 csőszakaszhoz nem talált DN szöveget (>= 500 egység távolság).
2025-07-24 10:42:08,321 [INFO] 14415 csőszakasz feldolgozva.
2025-07-24 10:42:08,371 [INFO] 5168 'unknown' DN mentve ide: results/debug_unknowns_1753353728.json
2025-07-24 10:42:08,377 [INFO] 2 szerelvénytípus azonosítva: {'VALVE': 17, 'ELBOW': 63}
2025-07-24 10:42:09,072 [INFO] Excel mentve: results/output_1753353728.xlsx
2025-07-24 10:43:45,040 [INFO] DXF fájl beolvasása: /Users/chegue/AI demok/Backend/uploads/7be3ace681ab77d4d9e0d2df30a62fd3
2025-07-24 10:43:47,224 [INFO] 14415 LINE objektum beolvasva.
2025-07-24 10:43:47,233 [INFO] 265 szövegobjektum beolvasva, köztük 89 DN-azonosított.
2025-07-24 10:43:54,574 [INFO] 9247 csőszakaszhoz sikerült DN-t rendelni.
2025-07-24 10:43:54,575 [INFO] 5168 csőszakaszhoz nem talált DN szöveget (>= 500 egység távolság).
2025-07-24 10:43:54,575 [INFO] 14415 csőszakasz feldolgozva.
2025-07-24 10:43:54,642 [INFO] 5168 'unknown' DN mentve ide: results/debug_unknowns_1753353834.json
2025-07-24 10:43:54,676 [INFO] 2 szerelvénytípus azonosítva: {'VALVE': 17, 'ELBOW': 63}
2025-07-24 10:43:55,587 [INFO] Excel mentve: results/output_1753353834.xlsx
2025-07-24 10:44:19,629 [INFO] DXF fájl beolvasása: /Users/chegue/AI demok/Backend/uploads/0068fd0416a5521a5361d0bf71664039
2025-07-24 10:44:21,252 [INFO] 14415 LINE objektum beolvasva.
2025-07-24 10:44:21,259 [INFO] 265 szövegobjektum beolvasva, köztük 89 DN-azonosított.
2025-07-24 10:44:27,491 [INFO] 9247 csőszakaszhoz sikerült DN-t rendelni.
2025-07-24 10:44:27,491 [INFO] 5168 csőszakaszhoz nem talált DN szöveget (>= 500 egység távolság).
2025-07-24 10:44:27,491 [INFO] 14415 csőszakasz feldolgozva.
2025-07-24 10:44:27,539 [INFO] 5168 'unknown' DN mentve ide: results/debug_unknowns_1753353867.json
2025-07-24 10:44:27,546 [INFO] 2 szerelvénytípus azonosítva: {'VALVE': 17, 'ELBOW': 63}
2025-07-24 10:44:28,251 [INFO] Excel mentve: results/output_1753353867.xlsx
2025-07-24 11:13:54,800 [INFO] DXF fájl beolvasása: /Users/chegue/AI demok/Backend/uploads/7992e2f1ea0bf457ee6027000b11a096
2025-07-24 11:13:56,368 [INFO] 14415 LINE objektum beolvasva.
2025-07-24 11:13:56,375 [INFO] 265 szövegobjektum beolvasva, köztük 89 DN-azonosított.
2025-07-24 11:14:02,635 [INFO] 9247 csőszakaszhoz sikerült DN-t rendelni.
2025-07-24 11:14:02,635 [INFO] 5168 csőszakaszhoz nem talált DN szöveget (>= 500 egység távolság).
2025-07-24 11:14:02,635 [INFO] 14415 csőszakasz feldolgozva.
2025-07-24 11:14:02,685 [INFO] 5168 'unknown' DN mentve ide: results/debug_unknowns_1753355642.json
2025-07-24 11:14:02,691 [INFO] 2 szerelvénytípus azonosítva: {'VALVE': 17, 'ELBOW': 63}
2025-07-24 11:14:03,379 [INFO] Excel mentve: results/output_1753355642.xlsx
2025-07-24 11:19:39,596 [INFO] DXF fájl beolvasása: /Users/chegue/AI demok/Backend/uploads/5c15d573ccaa4d6a9cc516f3cfdc8159
2025-07-24 11:19:41,180 [INFO] 14415 LINE objektum beolvasva.
2025-07-24 11:19:41,187 [INFO] 265 szövegobjektum beolvasva, köztük 89 DN-azonosított.
2025-07-24 11:19:47,415 [INFO] 9247 csőszakaszhoz sikerült DN-t rendelni.
2025-07-24 11:19:47,416 [INFO] 5168 csőszakaszhoz nem talált DN szöveget (>= 500 egység távolság).
2025-07-24 11:19:47,416 [INFO] 14415 csőszakasz feldolgozva.
2025-07-24 11:19:47,466 [INFO] 5168 'unknown' DN mentve ide: results/debug_unknowns_1753355987.json
2025-07-24 11:19:47,472 [INFO] 2 szerelvénytípus azonosítva: {'VALVE': 17, 'ELBOW': 63}
2025-07-24 11:19:48,192 [INFO] Excel mentve: results/output_1753355987.xlsx
2025-07-24 11:26:02,427 [INFO] DXF fájl beolvasása: /Users/chegue/AI demok/Backend/uploads/e5c748b4a87a8dd40cf1a12d3da823ba
2025-07-24 11:26:04,001 [INFO] 14415 LINE objektum beolvasva.
2025-07-24 11:26:04,008 [INFO] 265 szövegobjektum beolvasva, köztük 89 DN-azonosított.
2025-07-24 11:26:10,229 [INFO] 9247 csőszakaszhoz sikerült DN-t rendelni.
2025-07-24 11:26:10,229 [INFO] 5168 csőszakaszhoz nem talált DN szöveget (>= 500 egység távolság).
2025-07-24 11:26:10,230 [INFO] 14415 csőszakasz feldolgozva.
2025-07-24 11:26:10,278 [INFO] 5168 'unknown' DN mentve ide: results/debug_unknowns_1753356370.json
2025-07-24 11:26:10,285 [INFO] 2 szerelvénytípus azonosítva: {'VALVE': 17, 'ELBOW': 63}
2025-07-24 11:26:10,986 [INFO] Excel mentve: results/output_1753356370.xlsx
2025-07-24 11:28:06,565 [INFO] DXF fájl beolvasása: /Users/chegue/AI demok/Backend/uploads/955f31fdaab371215c3ff8ad0e62bb7a
2025-07-24 11:28:08,159 [INFO] 14415 LINE objektum beolvasva.
2025-07-24 11:28:08,167 [INFO] 265 szövegobjektum beolvasva, köztük 89 DN-azonosított.
2025-07-24 11:28:14,402 [INFO] 9247 csőszakaszhoz sikerült DN-t rendelni.
2025-07-24 11:28:14,402 [INFO] 5168 csőszakaszhoz nem talált DN szöveget (>= 500 egység távolság).
2025-07-24 11:28:14,402 [INFO] 14415 csőszakasz feldolgozva.
2025-07-24 11:28:14,451 [INFO] 5168 'unknown' DN mentve ide: results/debug_unknowns_1753356494.json
2025-07-24 11:28:14,458 [INFO] 2 szerelvénytípus azonosítva: {'VALVE': 17, 'ELBOW': 63}
2025-07-24 11:28:15,161 [INFO] Excel mentve: results/output_1753356494.xlsx
2025-07-24 11:28:50,287 [INFO] DXF fájl beolvasása: /Users/chegue/AI demok/Backend/uploads/85fb4bd9d5544412267e14f9c4ff2790
2025-07-24 11:28:51,856 [INFO] 6753 LINE objektum beolvasva.
2025-07-24 11:28:51,862 [INFO] 2778 szövegobjektum beolvasva, köztük 88 DN-azonosított.
2025-07-24 11:29:21,998 [INFO] 5297 csőszakaszhoz sikerült DN-t rendelni.
2025-07-24 11:29:21,999 [INFO] 1456 csőszakaszhoz nem talált DN szöveget (>= 500 egység távolság).
2025-07-24 11:29:21,999 [INFO] 6753 csőszakasz feldolgozva.
2025-07-24 11:29:22,014 [INFO] 1456 'unknown' DN mentve ide: results/debug_unknowns_1753356562.json
2025-07-24 11:29:22,018 [INFO] 0 szerelvénytípus azonosítva: {}
2025-07-24 11:29:22,366 [INFO] Excel mentve: results/output_1753356562.xlsx
2025-07-24 11:29:45,627 [INFO] DXF fájl beolvasása: /Users/chegue/AI demok/Backend/uploads/d5d7ae2e8a47772436af935ca5b6be55
2025-07-24 11:29:47,227 [INFO] 14415 LINE objektum beolvasva.
2025-07-24 11:29:47,234 [INFO] 265 szövegobjektum beolvasva, köztük 89 DN-azonosított.
2025-07-24 11:29:53,540 [INFO] 9247 csőszakaszhoz sikerült DN-t rendelni.
2025-07-24 11:29:53,540 [INFO] 5168 csőszakaszhoz nem talált DN szöveget (>= 500 egység távolság).
2025-07-24 11:29:53,540 [INFO] 14415 csőszakasz feldolgozva.
2025-07-24 11:29:53,590 [INFO] 5168 'unknown' DN mentve ide: results/debug_unknowns_1753356593.json
2025-07-24 11:29:53,597 [INFO] 2 szerelvénytípus azonosítva: {'VALVE': 17, 'ELBOW': 63}
2025-07-24 11:29:54,284 [INFO] Excel mentve: results/output_1753356593.xlsx
2025-07-24 11:31:15,370 [INFO] DXF fájl beolvasása: /Users/chegue/AI demok/Backend/uploads/b1ea818ac0b50bd4fe62e88cded6d391
2025-07-24 11:31:16,941 [INFO] 14415 LINE objektum beolvasva.
2025-07-24 11:31:16,948 [INFO] 265 szövegobjektum beolvasva, köztük 89 DN-azonosított.
2025-07-24 11:31:23,250 [INFO] 9247 csőszakaszhoz sikerült DN-t rendelni.
2025-07-24 11:31:23,250 [INFO] 5168 csőszakaszhoz nem talált DN szöveget (>= 500 egység távolság).
2025-07-24 11:31:23,250 [INFO] 14415 csőszakasz feldolgozva.
2025-07-24 11:31:23,299 [INFO] 5168 'unknown' DN mentve ide: results/debug_unknowns_1753356683.json
2025-07-24 11:31:23,306 [INFO] 2 szerelvénytípus azonosítva: {'VALVE': 17, 'ELBOW': 63}
2025-07-24 11:31:24,005 [INFO] Excel mentve: results/output_1753356683.xlsx
2025-07-24 11:31:49,600 [INFO] DXF fájl beolvasása: /Users/chegue/AI demok/Backend/uploads/63e59bcdad9e1d9538cad0987574a2d1
2025-07-24 11:31:51,324 [INFO] 14415 LINE objektum beolvasva.
2025-07-24 11:31:51,332 [INFO] 265 szövegobjektum beolvasva, köztük 89 DN-azonosított.
2025-07-24 11:31:57,480 [INFO] 9247 csőszakaszhoz sikerült DN-t rendelni.
2025-07-24 11:31:57,480 [INFO] 5168 csőszakaszhoz nem talált DN szöveget (>= 500 egység távolság).
2025-07-24 11:31:57,480 [INFO] 14415 csőszakasz feldolgozva.
2025-07-24 11:31:57,528 [INFO] 5168 'unknown' DN mentve ide: results/debug_unknowns_1753356717.json
2025-07-24 11:31:57,535 [INFO] 2 szerelvénytípus azonosítva: {'VALVE': 17, 'ELBOW': 63}
2025-07-24 11:31:58,237 [INFO] Excel mentve: results/output_1753356717.xlsx
2025-07-24 11:34:43,116 [INFO] DXF fájl beolvasása: /Users/chegue/AI demok/Backend/uploads/e4dd14a87f93b1607e4d047d572dc796
2025-07-24 11:34:44,674 [INFO] 14415 LINE objektum beolvasva.
2025-07-24 11:34:44,682 [INFO] 265 szövegobjektum beolvasva, köztük 89 DN-azonosított.
2025-07-24 11:34:50,918 [INFO] 9247 csőszakaszhoz sikerült DN-t rendelni.
2025-07-24 11:34:50,918 [INFO] 5168 csőszakaszhoz nem talált DN szöveget (>= 500 egység távolság).
2025-07-24 11:34:50,918 [INFO] 14415 csőszakasz feldolgozva.
2025-07-24 11:34:50,970 [INFO] 5168 'unknown' DN mentve ide: results/debug_unknowns_1753356890.json
2025-07-24 11:34:50,977 [INFO] 2 szerelvénytípus azonosítva: {'VALVE': 17, 'ELBOW': 63}
2025-07-24 11:34:51,667 [INFO] Excel mentve: results/output_1753356891.xlsx
2025-07-24 11:40:19,673 [INFO] DXF fájl beolvasása: /Users/chegue/AI demok/Backend/uploads/a5bc7c1d6ac5fa09e76df9360c30ffd4
2025-07-24 11:40:21,284 [INFO] 6753 LINE objektum beolvasva.
2025-07-24 11:40:21,291 [INFO] 2778 szövegobjektum beolvasva, köztük 88 DN-azonosított.
2025-07-24 11:40:51,397 [INFO] 5297 csőszakaszhoz sikerült DN-t rendelni.
2025-07-24 11:40:51,397 [INFO] 1456 csőszakaszhoz nem talált DN szöveget (>= 500 egység távolság).
2025-07-24 11:40:51,397 [INFO] 6753 csőszakasz feldolgozva.
2025-07-24 11:40:51,412 [INFO] 1456 'unknown' DN mentve ide: results/debug_unknowns_1753357251.json
2025-07-24 11:40:51,415 [INFO] 0 szerelvénytípus azonosítva: {}
2025-07-24 11:40:51,765 [INFO] Excel mentve: results/output_1753357251.xlsx
2025-07-24 11:41:05,844 [INFO] DXF fájl beolvasása: /Users/chegue/AI demok/Backend/uploads/d2d99bd9ef5bacc042114c4d3333e8d5
2025-07-24 11:41:07,413 [INFO] 14415 LINE objektum beolvasva.
2025-07-24 11:41:07,420 [INFO] 265 szövegobjektum beolvasva, köztük 89 DN-azonosított.
2025-07-24 11:41:13,729 [INFO] 9247 csőszakaszhoz sikerült DN-t rendelni.
2025-07-24 11:41:13,729 [INFO] 5168 csőszakaszhoz nem talált DN szöveget (>= 500 egység távolság).
2025-07-24 11:41:13,729 [INFO] 14415 csőszakasz feldolgozva.
2025-07-24 11:41:13,779 [INFO] 5168 'unknown' DN mentve ide: results/debug_unknowns_1753357273.json
2025-07-24 11:41:13,785 [INFO] 2 szerelvénytípus azonosítva: {'VALVE': 17, 'ELBOW': 63}
2025-07-24 11:41:14,477 [INFO] Excel mentve: results/output_1753357273.xlsx
2025-07-24 11:42:24,765 [INFO] DXF fájl beolvasása: /Users/chegue/AI demok/Backend/uploads/ec85251f94f8b3ecc8f96874ef8178ca
2025-07-24 11:42:26,344 [INFO] 14415 LINE objektum beolvasva.
2025-07-24 11:42:26,351 [INFO] 265 szövegobjektum beolvasva, köztük 89 DN-azonosított.
2025-07-24 11:42:32,568 [INFO] 9247 csőszakaszhoz sikerült DN-t rendelni.
2025-07-24 11:42:32,568 [INFO] 5168 csőszakaszhoz nem talált DN szöveget (>= 500 egység távolság).
2025-07-24 11:42:32,568 [INFO] 14415 csőszakasz feldolgozva.
2025-07-24 11:42:32,616 [INFO] 5168 'unknown' DN mentve ide: results/debug_unknowns_1753357352.json
2025-07-24 11:42:32,623 [INFO] 2 szerelvénytípus azonosítva: {'VALVE': 17, 'ELBOW': 63}
2025-07-24 11:42:33,322 [INFO] Excel mentve: results/output_1753357352.xlsx
2025-07-24 11:52:58,547 [INFO] DXF fájl beolvasása: /Users/chegue/AI demok/Backend/uploads/e431100752ff5ca6b10776b5bb574c9b
2025-07-24 11:53:00,139 [INFO] 14415 LINE objektum beolvasva.
2025-07-24 11:53:00,147 [INFO] 265 szövegobjektum beolvasva, köztük 89 DN-azonosított.
2025-07-24 11:53:06,420 [INFO] 9247 csőszakaszhoz sikerült DN-t rendelni.
2025-07-24 11:53:06,420 [INFO] 5168 csőszakaszhoz nem talált DN szöveget (>= 500 egység távolság).
2025-07-24 11:53:06,420 [INFO] 14415 csőszakasz feldolgozva.
2025-07-24 11:53:06,468 [INFO] 5168 'unknown' DN mentve ide: results/debug_unknowns_1753357986.json
2025-07-24 11:53:06,474 [INFO] 2 szerelvénytípus azonosítva: {'VALVE': 17, 'ELBOW': 63}
2025-07-24 11:53:07,177 [INFO] Excel mentve: results/output_1753357986.xlsx
2025-07-24 11:55:35,613 [INFO] DXF fájl beolvasása: /Users/chegue/AI demok/Backend/uploads/e33e72cf5279888f4611bf646fbe89af
2025-07-24 11:55:37,194 [INFO] 14415 LINE objektum beolvasva.
2025-07-24 11:55:37,202 [INFO] 265 szövegobjektum beolvasva, köztük 89 DN-azonosított.
2025-07-24 11:55:43,397 [INFO] 9247 csőszakaszhoz sikerült DN-t rendelni.
2025-07-24 11:55:43,397 [INFO] 5168 csőszakaszhoz nem talált DN szöveget (>= 500 egység távolság).
2025-07-24 11:55:43,397 [INFO] 14415 csőszakasz feldolgozva.
2025-07-24 11:55:43,445 [INFO] 5168 'unknown' DN mentve ide: results/debug_unknowns_1753358143.json
2025-07-24 11:55:43,452 [INFO] 2 szerelvénytípus azonosítva: {'VALVE': 17, 'ELBOW': 63}
2025-07-24 11:55:44,157 [INFO] Excel mentve: results/output_1753358143.xlsx
2025-07-24 11:57:39,367 [INFO] DXF fájl beolvasása: /Users/chegue/AI demok/Backend/uploads/180c715e668b1a6d67b6dce4e1f46caf
2025-07-24 11:57:40,936 [INFO] 14415 LINE objektum beolvasva.
2025-07-24 11:57:40,944 [INFO] 265 szövegobjektum beolvasva, köztük 89 DN-azonosított.
2025-07-24 11:57:47,135 [INFO] 9247 csőszakaszhoz sikerült DN-t rendelni.
2025-07-24 11:57:47,135 [INFO] 5168 csőszakaszhoz nem talált DN szöveget (>= 500 egység távolság).
2025-07-24 11:57:47,135 [INFO] 14415 csőszakasz feldolgozva.
2025-07-24 11:57:47,185 [INFO] 5168 'unknown' DN mentve ide: results/debug_unknowns_1753358267.json
2025-07-24 11:57:47,191 [INFO] 2 szerelvénytípus azonosítva: {'VALVE': 17, 'ELBOW': 63}
2025-07-24 11:57:47,874 [INFO] Excel mentve: results/output_1753358267.xlsx
2025-07-24 11:58:57,881 [INFO] DXF fájl beolvasása: /Users/chegue/AI demok/Backend/uploads/d03eadc320aa84733efb1df2b86d0877
2025-07-24 11:58:59,464 [INFO] 14415 LINE objektum beolvasva.
2025-07-24 11:58:59,471 [INFO] 265 szövegobjektum beolvasva, köztük 89 DN-azonosított.
2025-07-24 11:59:05,694 [INFO] 9247 csőszakaszhoz sikerült DN-t rendelni.
2025-07-24 11:59:05,694 [INFO] 5168 csőszakaszhoz nem talált DN szöveget (>= 500 egység távolság).
2025-07-24 11:59:05,694 [INFO] 14415 csőszakasz feldolgozva.
2025-07-24 11:59:05,744 [INFO] 5168 'unknown' DN mentve ide: results/debug_unknowns_1753358345.json
2025-07-24 11:59:05,750 [INFO] 2 szerelvénytípus azonosítva: {'VALVE': 17, 'ELBOW': 63}
2025-07-24 11:59:06,439 [INFO] Excel mentve: results/output_1753358345.xlsx
2025-07-24 11:59:49,213 [INFO] DXF fájl beolvasása: /Users/chegue/AI demok/Backend/uploads/fcff3881e89e1eea4a27e8edad671d15
2025-07-24 11:59:50,793 [INFO] 14415 LINE objektum beolvasva.
2025-07-24 11:59:50,801 [INFO] 265 szövegobjektum beolvasva, köztük 89 DN-azonosított.
2025-07-24 11:59:56,897 [INFO] 9247 csőszakaszhoz sikerült DN-t rendelni.
2025-07-24 11:59:56,897 [INFO] 5168 csőszakaszhoz nem talált DN szöveget (>= 500 egység távolság).
2025-07-24 11:59:56,897 [INFO] 14415 csőszakasz feldolgozva.
2025-07-24 11:59:56,948 [INFO] 5168 'unknown' DN mentve ide: results/debug_unknowns_1753358396.json
2025-07-24 11:59:56,955 [INFO] 2 szerelvénytípus azonosítva: {'VALVE': 17, 'ELBOW': 63}
2025-07-24 11:59:57,656 [INFO] Excel mentve: results/output_1753358397.xlsx
2025-07-24 12:02:12,843 [INFO] DXF fájl beolvasása: /Users/chegue/AI demok/Backend/uploads/46319948e8e0a5ec9363224ac500b284
2025-07-24 12:02:14,423 [INFO] 14415 LINE objektum beolvasva.
2025-07-24 12:02:14,430 [INFO] 265 szövegobjektum beolvasva, köztük 89 DN-azonosított.
2025-07-24 12:02:20,479 [INFO] 9247 csőszakaszhoz sikerült DN-t rendelni.
2025-07-24 12:02:20,479 [INFO] 5168 csőszakaszhoz nem talált DN szöveget (>= 500 egység távolság).
2025-07-24 12:02:20,479 [INFO] 14415 csőszakasz feldolgozva.
2025-07-24 12:02:20,527 [INFO] 5168 'unknown' DN mentve ide: results/debug_unknowns_1753358540.json
2025-07-24 12:02:20,534 [INFO] 2 szerelvénytípus azonosítva: {'VALVE': 17, 'ELBOW': 63}
2025-07-24 12:02:21,231 [INFO] Excel mentve: results/output_1753358540.xlsx
2025-07-24 12:05:17,874 [INFO] DXF fájl beolvasása: /Users/chegue/AI demok/Backend/uploads/0ecacc2490e0e6861db98f1e4f8bf1df
2025-07-24 12:05:19,434 [INFO] 14415 LINE objektum beolvasva.
2025-07-24 12:05:19,441 [INFO] 265 szövegobjektum beolvasva, köztük 89 DN-azonosított.
2025-07-24 12:05:25,605 [INFO] 9247 csőszakaszhoz sikerült DN-t rendelni.
2025-07-24 12:05:25,606 [INFO] 5168 csőszakaszhoz nem talált DN szöveget (>= 500 egység távolság).
2025-07-24 12:05:25,606 [INFO] 14415 csőszakasz feldolgozva.
2025-07-24 12:05:25,654 [INFO] 5168 'unknown' DN mentve ide: results/debug_unknowns_1753358725.json
2025-07-24 12:05:25,661 [INFO] 2 szerelvénytípus azonosítva: {'VALVE': 17, 'ELBOW': 63}
2025-07-24 12:05:26,368 [INFO] Excel mentve: results/output_1753358725.xlsx
2025-07-24 12:06:05,796 [INFO] DXF fájl beolvasása: /Users/chegue/AI demok/Backend/uploads/40b1c5a23ca0a857a2d85c16519fcc5c
2025-07-24 12:06:07,385 [INFO] 14415 LINE objektum beolvasva.
2025-07-24 12:06:07,392 [INFO] 265 szövegobjektum beolvasva, köztük 89 DN-azonosított.
2025-07-24 12:06:13,683 [INFO] 9247 csőszakaszhoz sikerült DN-t rendelni.
2025-07-24 12:06:13,683 [INFO] 5168 csőszakaszhoz nem talált DN szöveget (>= 500 egység távolság).
2025-07-24 12:06:13,683 [INFO] 14415 csőszakasz feldolgozva.
2025-07-24 12:06:13,733 [INFO] 5168 'unknown' DN mentve ide: results/debug_unknowns_1753358773.json
2025-07-24 12:06:13,740 [INFO] 2 szerelvénytípus azonosítva: {'VALVE': 17, 'ELBOW': 63}
2025-07-24 12:06:14,429 [INFO] Excel mentve: results/output_1753358773.xlsx
2025-07-30 10:46:46,767 [INFO] DXF fájl beolvasása: /Users/chegue/AI demok/Backend/uploads/12f1ac61dbf32c2aed40b3fb181593cf
2025-07-30 10:46:48,480 [INFO] 3162 LINE objektum beolvasva.
2025-07-30 10:46:48,485 [INFO] 871 szövegobjektum beolvasva, köztük 209 DN-azonosított.
2025-07-30 10:46:52,985 [INFO] 1149 csőszakaszhoz sikerült DN-t rendelni.
2025-07-30 10:46:52,986 [INFO] 2013 csőszakaszhoz nem talált DN szöveget (>= 500 egység távolság).
2025-07-30 10:46:52,986 [INFO] 3162 csőszakasz feldolgozva.
2025-07-30 10:46:53,006 [INFO] 2013 'unknown' DN mentve ide: results/debug_unknowns_1753872412.json
2025-07-30 10:46:53,008 [INFO] 0 szerelvénytípus azonosítva: {}
2025-07-30 10:46:53,191 [INFO] Excel mentve: results/output_1753872413.xlsx
2025-07-30 10:47:06,380 [INFO] DXF fájl beolvasása: /Users/chegue/AI demok/Backend/uploads/694a839a22b772124ba68a3746302d26
2025-07-30 10:47:07,994 [INFO] 14415 LINE objektum beolvasva.
2025-07-30 10:47:08,001 [INFO] 265 szövegobjektum beolvasva, köztük 89 DN-azonosított.
2025-07-30 10:47:14,368 [INFO] 9247 csőszakaszhoz sikerült DN-t rendelni.
2025-07-30 10:47:14,369 [INFO] 5168 csőszakaszhoz nem talált DN szöveget (>= 500 egység távolság).
2025-07-30 10:47:14,369 [INFO] 14415 csőszakasz feldolgozva.
2025-07-30 10:47:14,417 [INFO] 5168 'unknown' DN mentve ide: results/debug_unknowns_1753872434.json
2025-07-30 10:47:14,423 [INFO] 2 szerelvénytípus azonosítva: {'VALVE': 17, 'ELBOW': 63}
2025-07-30 10:47:15,129 [INFO] Excel mentve: results/output_1753872434.xlsx
2025-07-30 11:12:06,478 [INFO] DXF fájl beolvasása: /Users/chegue/AI demok/Backend/uploads/88cc38974127935a489f7108727c4dbf
2025-07-30 11:12:06,947 [INFO] 1111 LINE objektum beolvasva.
2025-07-30 11:12:06,949 [INFO] 325 szövegobjektum beolvasva, köztük 52 DN-azonosított.
2025-07-30 11:12:07,534 [INFO] 315 csőszakaszhoz sikerült DN-t rendelni.
2025-07-30 11:12:07,534 [INFO] 796 csőszakaszhoz nem talált DN szöveget (>= 500 egység távolság).
2025-07-30 11:12:07,534 [INFO] 1111 csőszakasz feldolgozva.
2025-07-30 11:12:07,544 [INFO] 796 'unknown' DN mentve ide: results/debug_unknowns_1753873927.json
2025-07-30 11:12:07,544 [INFO] 0 szerelvénytípus azonosítva: {}
2025-07-30 11:12:07,620 [INFO] Excel mentve: results/output_1753873927.xlsx
2025-07-30 11:12:23,189 [INFO] DXF fájl beolvasása: /Users/chegue/AI demok/Backend/uploads/91406797a8ae5a499daab3cf6b8fdb94
2025-07-30 11:12:23,651 [INFO] 1111 LINE objektum beolvasva.
2025-07-30 11:12:23,653 [INFO] 325 szövegobjektum beolvasva, köztük 52 DN-azonosított.
2025-07-30 11:12:24,235 [INFO] 315 csőszakaszhoz sikerült DN-t rendelni.
2025-07-30 11:12:24,235 [INFO] 796 csőszakaszhoz nem talált DN szöveget (>= 500 egység távolság).
2025-07-30 11:12:24,235 [INFO] 1111 csőszakasz feldolgozva.
2025-07-30 11:12:24,244 [INFO] 796 'unknown' DN mentve ide: results/debug_unknowns_1753873944.json
2025-07-30 11:12:24,245 [INFO] 0 szerelvénytípus azonosítva: {}
2025-07-30 11:12:24,318 [INFO] Excel mentve: results/output_1753873944.xlsx
2025-07-30 11:16:02,487 [INFO] DXF fájl beolvasása: /Users/chegue/AI demok/Backend/uploads/f234f10016a3df905d868d794dd066f2
2025-07-30 11:16:04,024 [INFO] 14415 LINE objektum beolvasva.
2025-07-30 11:16:04,030 [INFO] 265 szövegobjektum beolvasva, köztük 89 DN-azonosított.
2025-07-30 11:16:10,300 [INFO] 9247 csőszakaszhoz sikerült DN-t rendelni.
2025-07-30 11:16:10,300 [INFO] 5168 csőszakaszhoz nem talált DN szöveget (>= 500 egység távolság).
2025-07-30 11:16:10,300 [INFO] 14415 csőszakasz feldolgozva.
2025-07-30 11:16:10,349 [INFO] 5168 'unknown' DN mentve ide: results/debug_unknowns_1753874170.json
2025-07-30 11:16:10,356 [INFO] 2 szerelvénytípus azonosítva: {'VALVE': 17, 'ELBOW': 63}
2025-07-30 11:16:11,044 [INFO] Excel mentve: results/output_1753874170.xlsx
2025-07-30 11:16:23,376 [INFO] DXF fájl beolvasása: /Users/chegue/AI demok/Backend/uploads/08ca48e7d4d999e52f33bb57ee991368
2025-07-30 11:16:24,922 [INFO] 14415 LINE objektum beolvasva.
2025-07-30 11:16:24,929 [INFO] 265 szövegobjektum beolvasva, köztük 89 DN-azonosított.
2025-07-30 11:16:31,247 [INFO] 9247 csőszakaszhoz sikerült DN-t rendelni.
2025-07-30 11:16:31,247 [INFO] 5168 csőszakaszhoz nem talált DN szöveget (>= 500 egység távolság).
2025-07-30 11:16:31,247 [INFO] 14415 csőszakasz feldolgozva.
2025-07-30 11:16:31,297 [INFO] 5168 'unknown' DN mentve ide: results/debug_unknowns_1753874191.json
2025-07-30 11:16:31,303 [INFO] 2 szerelvénytípus azonosítva: {'VALVE': 17, 'ELBOW': 63}
2025-07-30 11:16:31,979 [INFO] Excel mentve: results/output_1753874191.xlsx
2025-07-30 11:16:40,111 [INFO] DXF fájl beolvasása: /Users/chegue/AI demok/Backend/uploads/da13aed1f6ae20f0af704b4145bb14d9
2025-07-30 11:16:40,586 [INFO] 1111 LINE objektum beolvasva.
2025-07-30 11:16:40,588 [INFO] 325 szövegobjektum beolvasva, köztük 52 DN-azonosított.
2025-07-30 11:16:41,173 [INFO] 315 csőszakaszhoz sikerült DN-t rendelni.
2025-07-30 11:16:41,173 [INFO] 796 csőszakaszhoz nem talált DN szöveget (>= 500 egység távolság).
2025-07-30 11:16:41,173 [INFO] 1111 csőszakasz feldolgozva.
2025-07-30 11:16:41,181 [INFO] 796 'unknown' DN mentve ide: results/debug_unknowns_1753874201.json
2025-07-30 11:16:41,182 [INFO] 0 szerelvénytípus azonosítva: {}
2025-07-30 11:16:41,252 [INFO] Excel mentve: results/output_1753874201.xlsx
2025-07-30 11:35:40,235 [INFO] DXF fájl beolvasása: /Users/chegue/AI demok/Backend/uploads/c712b0f4277e4ff141c464870aec6988
2025-07-30 11:35:41,586 [INFO] 4787 LINE objektum beolvasva.
2025-07-30 11:35:41,590 [INFO] 485 szövegobjektum beolvasva, köztük 5 DN-azonosított.
2025-07-30 11:35:45,410 [INFO] 1372 csőszakaszhoz sikerült DN-t rendelni.
2025-07-30 11:35:45,410 [INFO] 3415 csőszakaszhoz nem talált DN szöveget (>= 500 egység távolság).
2025-07-30 11:35:45,410 [INFO] 4787 csőszakasz feldolgozva.
2025-07-30 11:35:45,443 [INFO] 3415 'unknown' DN mentve ide: results/debug_unknowns_1753875345.json
2025-07-30 11:35:45,445 [INFO] 0 szerelvénytípus azonosítva: {}
2025-07-30 11:35:45,685 [INFO] Excel mentve: results/output_1753875345.xlsx
2025-08-04 12:01:37,183 [INFO] DXF fájl beolvasása: /Users/chegue/AI demok/Backend/uploads/fe0c1b8add21f2352ad531836381aa30
2025-08-04 12:01:38,870 [INFO] 3162 LINE objektum beolvasva.
2025-08-04 12:01:38,875 [INFO] 871 szövegobjektum beolvasva, köztük 209 DN-azonosított.
2025-08-04 12:01:43,079 [INFO] 1149 csőszakaszhoz sikerült DN-t rendelni.
2025-08-04 12:01:43,079 [INFO] 2013 csőszakaszhoz nem talált DN szöveget (>= 500 egység távolság).
2025-08-04 12:01:43,079 [INFO] 3162 csőszakasz feldolgozva.
2025-08-04 12:01:43,103 [INFO] 2013 'unknown' DN mentve ide: results/debug_unknowns_1754308903.json
2025-08-04 12:01:43,105 [INFO] 0 szerelvénytípus azonosítva: {}
2025-08-04 12:01:43,294 [INFO] Excel mentve: results/output_1754308903.xlsx
2025-08-04 12:02:42,903 [INFO] DXF fájl beolvasása: /Users/chegue/AI demok/Backend/uploads/8edfa9b2cabc34f3466ac160a0425dbf
2025-08-04 12:02:44,598 [INFO] 3162 LINE objektum beolvasva.
2025-08-04 12:02:44,604 [INFO] 871 szövegobjektum beolvasva, köztük 209 DN-azonosított.
2025-08-04 12:02:49,145 [INFO] 1149 csőszakaszhoz sikerült DN-t rendelni.
2025-08-04 12:02:49,145 [INFO] 2013 csőszakaszhoz nem talált DN szöveget (>= 500 egység távolság).
2025-08-04 12:02:49,145 [INFO] 3162 csőszakasz feldolgozva.
2025-08-04 12:02:49,164 [INFO] 2013 'unknown' DN mentve ide: results/debug_unknowns_1754308969.json
2025-08-04 12:02:49,165 [INFO] 0 szerelvénytípus azonosítva: {}
2025-08-04 12:02:49,354 [INFO] Excel mentve: results/output_1754308969.xlsx
2025-08-04 12:03:01,497 [INFO] DXF fájl beolvasása: /Users/chegue/AI demok/Backend/uploads/7582a2a9a911a210b37c7055353621a8
2025-08-04 12:03:03,191 [INFO] 3162 LINE objektum beolvasva.
2025-08-04 12:03:03,197 [INFO] 871 szövegobjektum beolvasva, köztük 209 DN-azonosított.
2025-08-04 12:03:07,640 [INFO] 1149 csőszakaszhoz sikerült DN-t rendelni.
2025-08-04 12:03:07,640 [INFO] 2013 csőszakaszhoz nem talált DN szöveget (>= 500 egység távolság).
2025-08-04 12:03:07,640 [INFO] 3162 csőszakasz feldolgozva.
2025-08-04 12:03:07,660 [INFO] 2013 'unknown' DN mentve ide: results/debug_unknowns_1754308987.json
2025-08-04 12:03:07,662 [INFO] 0 szerelvénytípus azonosítva: {}
2025-08-04 12:03:07,845 [INFO] Excel mentve: results/output_1754308987.xlsx
2025-08-04 12:03:19,047 [INFO] DXF fájl beolvasása: /Users/chegue/AI demok/Backend/uploads/39f548c2ca1b61549bb500c197f218d2
2025-08-04 12:03:19,504 [INFO] 1111 LINE objektum beolvasva.
2025-08-04 12:03:19,506 [INFO] 325 szövegobjektum beolvasva, köztük 52 DN-azonosított.
2025-08-04 12:03:20,075 [INFO] 315 csőszakaszhoz sikerült DN-t rendelni.
2025-08-04 12:03:20,075 [INFO] 796 csőszakaszhoz nem talált DN szöveget (>= 500 egység távolság).
2025-08-04 12:03:20,075 [INFO] 1111 csőszakasz feldolgozva.
2025-08-04 12:03:20,084 [INFO] 796 'unknown' DN mentve ide: results/debug_unknowns_1754309000.json
2025-08-04 12:03:20,085 [INFO] 0 szerelvénytípus azonosítva: {}
2025-08-04 12:03:20,155 [INFO] Excel mentve: results/output_1754309000.xlsx
2025-08-04 12:04:00,869 [INFO] DXF fájl beolvasása: /Users/chegue/AI demok/Backend/uploads/54153eefe89235b454d4318762f3843f
2025-08-04 12:04:01,319 [INFO] 1111 LINE objektum beolvasva.
2025-08-04 12:04:01,321 [INFO] 325 szövegobjektum beolvasva, köztük 52 DN-azonosított.
2025-08-04 12:04:01,886 [INFO] 315 csőszakaszhoz sikerült DN-t rendelni.
2025-08-04 12:04:01,886 [INFO] 796 csőszakaszhoz nem talált DN szöveget (>= 500 egység távolság).
2025-08-04 12:04:01,886 [INFO] 1111 csőszakasz feldolgozva.
2025-08-04 12:04:01,895 [INFO] 796 'unknown' DN mentve ide: results/debug_unknowns_1754309041.json
2025-08-04 12:04:01,896 [INFO] 0 szerelvénytípus azonosítva: {}
2025-08-04 12:04:01,965 [INFO] Excel mentve: results/output_1754309041.xlsx
2025-08-04 13:04:35,386 [INFO] DXF fájl beolvasása: /Users/chegue/AI demok/Backend/uploads/19c268d4796da1f9671262b619c07633
2025-08-04 13:04:36,964 [INFO] 14415 LINE objektum beolvasva.
2025-08-04 13:04:36,971 [INFO] 265 szövegobjektum beolvasva, köztük 89 DN-azonosított.
2025-08-04 13:04:43,199 [INFO] 9247 csőszakaszhoz sikerült DN-t rendelni.
2025-08-04 13:04:43,199 [INFO] 5168 csőszakaszhoz nem talált DN szöveget (>= 500 egység távolság).
2025-08-04 13:04:43,199 [INFO] 14415 csőszakasz feldolgozva.
2025-08-04 13:04:43,250 [INFO] 5168 'unknown' DN mentve ide: results/debug_unknowns_1754312683.json
2025-08-04 13:04:43,257 [INFO] 2 szerelvénytípus azonosítva: {'VALVE': 17, 'ELBOW': 63}
2025-08-04 13:04:43,958 [INFO] Excel mentve: results/output_1754312683.xlsx
2025-08-04 13:22:24,808 [INFO] DXF fájl beolvasása: /Users/chegue/AI demok/Backend/uploads/cbf99d8844a435eae48d2e1b1ef94fc7
2025-08-04 13:22:26,317 [INFO] 14415 LINE objektum beolvasva.
2025-08-04 13:22:26,324 [INFO] 265 szövegobjektum beolvasva, köztük 89 DN-azonosított.
2025-08-04 13:22:32,543 [INFO] 9247 csőszakaszhoz sikerült DN-t rendelni.
2025-08-04 13:22:32,543 [INFO] 5168 csőszakaszhoz nem talált DN szöveget (>= 500 egység távolság).
2025-08-04 13:22:32,543 [INFO] 14415 csőszakasz feldolgozva.
2025-08-04 13:22:32,595 [INFO] 5168 'unknown' DN mentve ide: results/debug_unknowns_1754313752.json
2025-08-04 13:22:32,602 [INFO] 2 szerelvénytípus azonosítva: {'VALVE': 17, 'ELBOW': 63}
2025-08-04 13:22:33,269 [INFO] Excel mentve: results/output_1754313752.xlsx
2025-08-04 15:32:32,885 [INFO] DXF fájl beolvasása: /Users/chegue/AI demok/Backend/uploads/f930094927f0e47f578bcec68a1e24df
2025-08-04 15:32:34,402 [INFO] 14415 LINE objektum beolvasva.
2025-08-04 15:32:34,408 [INFO] 265 szövegobjektum beolvasva, köztük 89 DN-azonosított.
2025-08-04 15:32:40,711 [INFO] 9247 csőszakaszhoz sikerült DN-t rendelni.
2025-08-04 15:32:40,711 [INFO] 5168 csőszakaszhoz nem talált DN szöveget (>= 500 egység távolság).
2025-08-04 15:32:40,711 [INFO] 14415 csőszakasz feldolgozva.
2025-08-04 15:32:40,759 [INFO] 5168 'unknown' DN mentve ide: results/debug_unknowns_1754321560.json
2025-08-04 15:32:40,766 [INFO] 2 szerelvénytípus azonosítva: {'VALVE': 17, 'ELBOW': 63}
2025-08-04 15:32:41,443 [INFO] Excel mentve: results/output_1754321560.xlsx
2025-08-04 15:36:09,764 [INFO] DXF fájl beolvasása: /Users/chegue/AI demok/Backend/uploads/622580d2ea3f6939146131330f2471f0
2025-08-04 15:36:11,325 [INFO] 14415 LINE objektum beolvasva.
2025-08-04 15:36:11,332 [INFO] 265 szövegobjektum beolvasva, köztük 89 DN-azonosított.
2025-08-04 15:36:17,748 [INFO] 9247 csőszakaszhoz sikerült DN-t rendelni.
2025-08-04 15:36:17,748 [INFO] 5168 csőszakaszhoz nem talált DN szöveget (>= 500 egység távolság).
2025-08-04 15:36:17,749 [INFO] 14415 csőszakasz feldolgozva.
2025-08-04 15:36:17,800 [INFO] 5168 'unknown' DN mentve ide: results/debug_unknowns_1754321777.json
2025-08-04 15:36:17,807 [INFO] 2 szerelvénytípus azonosítva: {'VALVE': 17, 'ELBOW': 63}
2025-08-04 15:36:18,518 [INFO] Excel mentve: results/output_1754321777.xlsx
2025-08-05 09:13:49,567 [INFO] DXF fájl beolvasása: /Users/chegue/AI demok/Backend/uploads/08609c96c754e1632c21194a733fe5b9
2025-08-05 09:13:51,119 [INFO] 14415 LINE objektum beolvasva.
2025-08-05 09:13:51,126 [INFO] 265 szövegobjektum beolvasva, köztük 89 DN-azonosított.
2025-08-05 09:13:57,290 [INFO] 9247 csőszakaszhoz sikerült DN-t rendelni.
2025-08-05 09:13:57,291 [INFO] 5168 csőszakaszhoz nem talált DN szöveget (>= 500 egység távolság).
2025-08-05 09:13:57,291 [INFO] 14415 csőszakasz feldolgozva.
2025-08-05 09:13:57,341 [INFO] 5168 'unknown' DN mentve ide: results/debug_unknowns_1754385237.json
2025-08-05 09:13:57,348 [INFO] 2 szerelvénytípus azonosítva: {'VALVE': 17, 'ELBOW': 63}
2025-08-05 09:13:58,039 [INFO] Excel mentve: results/output_1754385237.xlsx
2025-08-05 09:34:51,222 [INFO] DXF fájl beolvasása: /Users/chegue/AI demok/Backend/uploads/e949bea27f19792019bcb02d83c26c10
2025-08-05 09:34:52,738 [INFO] 14415 LINE objektum beolvasva.
2025-08-05 09:34:52,744 [INFO] 265 szövegobjektum beolvasva, köztük 89 DN-azonosított.
2025-08-05 09:34:59,103 [INFO] 9247 csőszakaszhoz sikerült DN-t rendelni.
2025-08-05 09:34:59,103 [INFO] 5168 csőszakaszhoz nem talált DN szöveget (>= 500 egység távolság).
2025-08-05 09:34:59,103 [INFO] 14415 csőszakasz feldolgozva.
2025-08-05 09:34:59,153 [INFO] 5168 'unknown' DN mentve ide: results/debug_unknowns_1754386499.json
2025-08-05 09:34:59,160 [INFO] 2 szerelvénytípus azonosítva: {'VALVE': 17, 'ELBOW': 63}
2025-08-05 09:34:59,838 [INFO] Excel mentve: results/output_1754386499.xlsx
2025-08-05 12:48:58,587 [INFO] DXF fájl beolvasása: /Users/chegue/AI demok/Backend/uploads/de8e25803807438d7ec959f6465b3aa7
2025-08-05 12:49:00,121 [INFO] 14415 LINE objektum beolvasva.
2025-08-05 12:49:00,129 [INFO] 265 szövegobjektum beolvasva, köztük 89 DN-azonosított.
2025-08-05 12:49:06,349 [INFO] 9247 csőszakaszhoz sikerült DN-t rendelni.
2025-08-05 12:49:06,350 [INFO] 5168 csőszakaszhoz nem talált DN szöveget (>= 500 egység távolság).
2025-08-05 12:49:06,350 [INFO] 14415 csőszakasz feldolgozva.
2025-08-05 12:49:06,403 [INFO] 5168 'unknown' DN mentve ide: results/debug_unknowns_1754398146.json
2025-08-05 12:49:06,409 [INFO] 2 szerelvénytípus azonosítva: {'VALVE': 17, 'ELBOW': 63}
2025-08-05 12:49:07,200 [INFO] Excel mentve: results/output_1754398146.xlsx
2025-08-05 16:04:55,480 [INFO] DXF fájl beolvasása: /Users/chegue/AI demok/Backend/uploads/e6de2cfb19aa6ead98dca9f99c6324a6
2025-08-05 16:04:57,076 [INFO] 14415 LINE objektum beolvasva.
2025-08-05 16:04:57,084 [INFO] 265 szövegobjektum beolvasva, köztük 89 DN-azonosított.
2025-08-05 16:05:03,267 [INFO] 9247 csőszakaszhoz sikerült DN-t rendelni.
2025-08-05 16:05:03,268 [INFO] 5168 csőszakaszhoz nem talált DN szöveget (>= 500 egység távolság).
2025-08-05 16:05:03,268 [INFO] 14415 csőszakasz feldolgozva.
2025-08-05 16:05:03,316 [INFO] 5168 'unknown' DN mentve ide: results/debug_unknowns_1754409903.json
2025-08-05 16:05:03,323 [INFO] 2 szerelvénytípus azonosítva: {'VALVE': 17, 'ELBOW': 63}
2025-08-05 16:05:03,997 [INFO] Excel mentve: results/output_1754409903.xlsx
2025-08-08 09:42:55,504 [INFO] DXF fájl beolvasása: /Users/chegue/AI demok/Backend/uploads/5bb69f7da942a7bf95821df04ab3994f
2025-08-08 09:42:57,100 [INFO] 14415 LINE objektum beolvasva.
2025-08-08 09:42:57,109 [INFO] 265 szövegobjektum beolvasva, köztük 89 DN-azonosított.
2025-08-08 09:43:03,082 [INFO] 9247 csőszakaszhoz sikerült DN-t rendelni.
2025-08-08 09:43:03,082 [INFO] 5168 csőszakaszhoz nem talált DN szöveget (>= 500 egység távolság).
2025-08-08 09:43:03,082 [INFO] 14415 csőszakasz feldolgozva.
2025-08-08 09:43:03,131 [INFO] 5168 'unknown' DN mentve ide: results/debug_unknowns_1754646183.json
2025-08-08 09:43:03,138 [INFO] 2 szerelvénytípus azonosítva: {'VALVE': 17, 'ELBOW': 63}
2025-08-08 09:43:03,819 [INFO] Excel mentve: results/output_1754646183.xlsx
2025-08-08 10:02:40,073 [INFO] DXF fájl beolvasása: /Users/chegue/AI demok/Backend/uploads/9ea975b737fbf308cfadb59bf073f823
2025-08-08 10:02:41,712 [INFO] 14415 LINE objektum beolvasva.
2025-08-08 10:02:41,720 [INFO] 265 szövegobjektum beolvasva, köztük 89 DN-azonosított.
2025-08-08 10:02:48,125 [INFO] 9247 csőszakaszhoz sikerült DN-t rendelni.
2025-08-08 10:02:48,126 [INFO] 5168 csőszakaszhoz nem talált DN szöveget (>= 500 egység távolság).
2025-08-08 10:02:48,126 [INFO] 14415 csőszakasz feldolgozva.
2025-08-08 10:02:48,178 [INFO] 5168 'unknown' DN mentve ide: results/debug_unknowns_1754647368.json
2025-08-08 10:02:48,186 [INFO] 2 szerelvénytípus azonosítva: {'VALVE': 17, 'ELBOW': 63}
2025-08-08 10:02:48,918 [INFO] Excel mentve: results/output_1754647368.xlsx
2025-08-08 10:08:39,300 [INFO] DXF fájl beolvasása: /Users/chegue/AI demok/Backend/uploads/7827862fc7deb710049517a4e26682a1
2025-08-08 10:08:40,933 [INFO] 14415 LINE objektum beolvasva.
2025-08-08 10:08:40,941 [INFO] 265 szövegobjektum beolvasva, köztük 89 DN-azonosított.
2025-08-08 10:08:47,365 [INFO] 9247 csőszakaszhoz sikerült DN-t rendelni.
2025-08-08 10:08:47,366 [INFO] 5168 csőszakaszhoz nem talált DN szöveget (>= 500 egység távolság).
2025-08-08 10:08:47,366 [INFO] 14415 csőszakasz feldolgozva.
2025-08-08 10:08:47,416 [INFO] 5168 'unknown' DN mentve ide: results/debug_unknowns_1754647727.json
2025-08-08 10:08:47,423 [INFO] 2 szerelvénytípus azonosítva: {'VALVE': 17, 'ELBOW': 63}
2025-08-08 10:08:48,141 [INFO] Excel mentve: results/output_1754647727.xlsx
